compute CDER for magicdata-ramc
currently, compute dev set in 0.2 threshold mode
CTS-CN-F2F-2019-11-15-1421 CDER = 3.316
CTS-CN-F2F-2019-11-15-1422 CDER = 3.596
CTS-CN-F2F-2019-11-15-1423 CDER = 0.312
CTS-CN-F2F-2019-11-15-1426 CDER = 0.636
CTS-CN-F2F-2019-11-15-1428 CDER = 0.174
CTS-CN-F2F-2019-11-15-1434 CDER = 0.678
CTS-CN-F2F-2019-11-15-1447 CDER = 0.325
CTS-CN-F2F-2019-11-15-1448 CDER = 0.270
CTS-CN-F2F-2019-11-15-1449 CDER = 0.465
CTS-CN-F2F-2019-11-15-1452 CDER = 0.223
CTS-CN-F2F-2019-11-15-1458 CDER = 0.845
CTS-CN-F2F-2019-11-15-1461 CDER = 0.158
CTS-CN-F2F-2019-11-15-1463 CDER = 3.649
CTS-CN-F2F-2019-11-15-1468 CDER = 0.168
CTS-CN-F2F-2019-11-15-1469 CDER = 0.189
CTS-CN-F2F-2019-11-15-1470 CDER = 0.593
CTS-CN-F2F-2019-11-15-1473 CDER = 0.514
CTS-CN-F2F-2019-11-15-1475 CDER = 0.431
CTS-CN-F2F-2019-11-15-1477 CDER = 0.260
Avg CDER : 0.884
currently, compute dev set in 0.3 threshold mode
CTS-CN-F2F-2019-11-15-1421 CDER = 2.872
CTS-CN-F2F-2019-11-15-1422 CDER = 3.489
CTS-CN-F2F-2019-11-15-1423 CDER = 0.278
CTS-CN-F2F-2019-11-15-1426 CDER = 0.539
CTS-CN-F2F-2019-11-15-1428 CDER = 0.113
CTS-CN-F2F-2019-11-15-1434 CDER = 0.470
CTS-CN-F2F-2019-11-15-1447 CDER = 0.225
CTS-CN-F2F-2019-11-15-1448 CDER = 0.246
CTS-CN-F2F-2019-11-15-1449 CDER = 0.315
CTS-CN-F2F-2019-11-15-1452 CDER = 0.164
CTS-CN-F2F-2019-11-15-1458 CDER = 0.629
CTS-CN-F2F-2019-11-15-1461 CDER = 0.000
CTS-CN-F2F-2019-11-15-1463 CDER = 2.919
CTS-CN-F2F-2019-11-15-1468 CDER = 0.127
CTS-CN-F2F-2019-11-15-1469 CDER = 0.124
CTS-CN-F2F-2019-11-15-1470 CDER = 0.589
CTS-CN-F2F-2019-11-15-1473 CDER = 0.438
CTS-CN-F2F-2019-11-15-1475 CDER = 0.332
CTS-CN-F2F-2019-11-15-1477 CDER = 0.159
Avg CDER : 0.738
currently, compute dev set in 0.35 threshold mode
CTS-CN-F2F-2019-11-15-1421 CDER = 2.647
CTS-CN-F2F-2019-11-15-1422 CDER = 3.255
CTS-CN-F2F-2019-11-15-1423 CDER = 0.229
CTS-CN-F2F-2019-11-15-1426 CDER = 0.493
CTS-CN-F2F-2019-11-15-1428 CDER = 0.087
CTS-CN-F2F-2019-11-15-1434 CDER = 0.371
CTS-CN-F2F-2019-11-15-1447 CDER = 0.192
CTS-CN-F2F-2019-11-15-1448 CDER = 0.219
CTS-CN-F2F-2019-11-15-1449 CDER = 0.304
CTS-CN-F2F-2019-11-15-1452 CDER = 0.117
CTS-CN-F2F-2019-11-15-1458 CDER = 0.527
CTS-CN-F2F-2019-11-15-1461 CDER = 0.000
CTS-CN-F2F-2019-11-15-1463 CDER = 2.730
CTS-CN-F2F-2019-11-15-1468 CDER = 0.119
CTS-CN-F2F-2019-11-15-1469 CDER = 0.097
CTS-CN-F2F-2019-11-15-1470 CDER = 0.546
CTS-CN-F2F-2019-11-15-1473 CDER = 0.389
CTS-CN-F2F-2019-11-15-1475 CDER = 0.257
CTS-CN-F2F-2019-11-15-1477 CDER = 0.142
Avg CDER : 0.670
currently, compute dev set in 0.4 threshold mode
CTS-CN-F2F-2019-11-15-1421 CDER = 2.451
CTS-CN-F2F-2019-11-15-1422 CDER = 2.915
CTS-CN-F2F-2019-11-15-1423 CDER = 0.179
CTS-CN-F2F-2019-11-15-1426 CDER = 0.479
CTS-CN-F2F-2019-11-15-1428 CDER = 0.083
CTS-CN-F2F-2019-11-15-1434 CDER = 0.276
CTS-CN-F2F-2019-11-15-1447 CDER = 0.179
CTS-CN-F2F-2019-11-15-1448 CDER = 0.182
CTS-CN-F2F-2019-11-15-1449 CDER = 0.255
CTS-CN-F2F-2019-11-15-1452 CDER = 0.100
CTS-CN-F2F-2019-11-15-1458 CDER = 0.439
CTS-CN-F2F-2019-11-15-1461 CDER = 0.000
CTS-CN-F2F-2019-11-15-1463 CDER = 2.270
CTS-CN-F2F-2019-11-15-1468 CDER = 0.098
CTS-CN-F2F-2019-11-15-1469 CDER = 0.088
CTS-CN-F2F-2019-11-15-1470 CDER = 0.507
CTS-CN-F2F-2019-11-15-1473 CDER = 0.337
CTS-CN-F2F-2019-11-15-1475 CDER = 0.233
CTS-CN-F2F-2019-11-15-1477 CDER = 0.115
Avg CDER : 0.589
currently, compute dev set in 0.45 threshold mode
CTS-CN-F2F-2019-11-15-1421 CDER = 2.195
CTS-CN-F2F-2019-11-15-1422 CDER = 2.468
CTS-CN-F2F-2019-11-15-1423 CDER = 0.153
CTS-CN-F2F-2019-11-15-1426 CDER = 0.452
CTS-CN-F2F-2019-11-15-1428 CDER = 0.065
CTS-CN-F2F-2019-11-15-1434 CDER = 0.230
CTS-CN-F2F-2019-11-15-1447 CDER = 0.132
CTS-CN-F2F-2019-11-15-1448 CDER = 0.168
CTS-CN-F2F-2019-11-15-1449 CDER = 0.203
CTS-CN-F2F-2019-11-15-1452 CDER = 0.097
CTS-CN-F2F-2019-11-15-1458 CDER = 0.371
CTS-CN-F2F-2019-11-15-1461 CDER = 0.000
CTS-CN-F2F-2019-11-15-1463 CDER = 1.838
CTS-CN-F2F-2019-11-15-1468 CDER = 0.074
CTS-CN-F2F-2019-11-15-1469 CDER = 0.069
CTS-CN-F2F-2019-11-15-1470 CDER = 0.425
CTS-CN-F2F-2019-11-15-1473 CDER = 0.298
CTS-CN-F2F-2019-11-15-1475 CDER = 0.193
CTS-CN-F2F-2019-11-15-1477 CDER = 0.081
Avg CDER : 0.501
currently, compute dev set in 0.5 threshold mode
CTS-CN-F2F-2019-11-15-1421 CDER = 1.767
CTS-CN-F2F-2019-11-15-1422 CDER = 2.234
CTS-CN-F2F-2019-11-15-1423 CDER = 0.101
CTS-CN-F2F-2019-11-15-1426 CDER = 0.355
CTS-CN-F2F-2019-11-15-1428 CDER = 0.070
CTS-CN-F2F-2019-11-15-1434 CDER = 0.166
CTS-CN-F2F-2019-11-15-1447 CDER = 0.119
CTS-CN-F2F-2019-11-15-1448 CDER = 0.139
CTS-CN-F2F-2019-11-15-1449 CDER = 0.185
CTS-CN-F2F-2019-11-15-1452 CDER = 0.053
CTS-CN-F2F-2019-11-15-1458 CDER = 0.193
CTS-CN-F2F-2019-11-15-1461 CDER = 0.000
CTS-CN-F2F-2019-11-15-1463 CDER = 1.703
CTS-CN-F2F-2019-11-15-1468 CDER = 0.033
CTS-CN-F2F-2019-11-15-1469 CDER = 0.069
CTS-CN-F2F-2019-11-15-1470 CDER = 0.375
CTS-CN-F2F-2019-11-15-1473 CDER = 0.207
CTS-CN-F2F-2019-11-15-1475 CDER = 0.188
CTS-CN-F2F-2019-11-15-1477 CDER = 0.054
Avg CDER : 0.422
currently, compute dev set in 0.55 threshold mode
CTS-CN-F2F-2019-11-15-1421 CDER = 1.165
CTS-CN-F2F-2019-11-15-1422 CDER = 1.426
CTS-CN-F2F-2019-11-15-1423 CDER = 0.088
CTS-CN-F2F-2019-11-15-1426 CDER = 0.327
CTS-CN-F2F-2019-11-15-1428 CDER = 0.043
CTS-CN-F2F-2019-11-15-1434 CDER = 0.127
CTS-CN-F2F-2019-11-15-1447 CDER = 0.106
CTS-CN-F2F-2019-11-15-1448 CDER = 0.123
CTS-CN-F2F-2019-11-15-1449 CDER = 0.164
CTS-CN-F2F-2019-11-15-1452 CDER = 0.050
CTS-CN-F2F-2019-11-15-1458 CDER = 0.133
CTS-CN-F2F-2019-11-15-1461 CDER = 0.000
CTS-CN-F2F-2019-11-15-1463 CDER = 1.135
CTS-CN-F2F-2019-11-15-1468 CDER = 0.033
CTS-CN-F2F-2019-11-15-1469 CDER = 0.074
CTS-CN-F2F-2019-11-15-1470 CDER = 0.307
CTS-CN-F2F-2019-11-15-1473 CDER = 0.149
CTS-CN-F2F-2019-11-15-1475 CDER = 0.178
CTS-CN-F2F-2019-11-15-1477 CDER = 0.041
Avg CDER : 0.298
currently, compute dev set in 0.6 threshold mode
CTS-CN-F2F-2019-11-15-1421 CDER = 0.940
CTS-CN-F2F-2019-11-15-1422 CDER = 0.830
CTS-CN-F2F-2019-11-15-1423 CDER = 0.062
CTS-CN-F2F-2019-11-15-1426 CDER = 0.323
CTS-CN-F2F-2019-11-15-1428 CDER = 0.048
CTS-CN-F2F-2019-11-15-1434 CDER = 0.124
CTS-CN-F2F-2019-11-15-1447 CDER = 0.106
CTS-CN-F2F-2019-11-15-1448 CDER = 0.123
CTS-CN-F2F-2019-11-15-1449 CDER = 0.147
CTS-CN-F2F-2019-11-15-1452 CDER = 0.053
CTS-CN-F2F-2019-11-15-1458 CDER = 0.133
CTS-CN-F2F-2019-11-15-1461 CDER = 0.000
CTS-CN-F2F-2019-11-15-1463 CDER = 0.892
CTS-CN-F2F-2019-11-15-1468 CDER = 0.029
CTS-CN-F2F-2019-11-15-1469 CDER = 0.074
CTS-CN-F2F-2019-11-15-1470 CDER = 0.257
CTS-CN-F2F-2019-11-15-1473 CDER = 0.130
CTS-CN-F2F-2019-11-15-1475 CDER = 0.188
CTS-CN-F2F-2019-11-15-1477 CDER = 0.041
Avg CDER : 0.237
currently, compute dev set in 0.7 threshold mode
CTS-CN-F2F-2019-11-15-1421 CDER = 0.707
CTS-CN-F2F-2019-11-15-1422 CDER = 0.340
CTS-CN-F2F-2019-11-15-1423 CDER = 0.047
CTS-CN-F2F-2019-11-15-1426 CDER = 0.263
CTS-CN-F2F-2019-11-15-1428 CDER = 0.052
CTS-CN-F2F-2019-11-15-1434 CDER = 0.117
CTS-CN-F2F-2019-11-15-1447 CDER = 0.113
CTS-CN-F2F-2019-11-15-1448 CDER = 0.104
CTS-CN-F2F-2019-11-15-1449 CDER = 0.122
CTS-CN-F2F-2019-11-15-1452 CDER = 0.067
CTS-CN-F2F-2019-11-15-1458 CDER = 0.117
CTS-CN-F2F-2019-11-15-1461 CDER = 0.000
CTS-CN-F2F-2019-11-15-1463 CDER = 0.297
CTS-CN-F2F-2019-11-15-1468 CDER = 0.033
CTS-CN-F2F-2019-11-15-1469 CDER = 0.083
CTS-CN-F2F-2019-11-15-1470 CDER = 0.207
CTS-CN-F2F-2019-11-15-1473 CDER = 0.091
CTS-CN-F2F-2019-11-15-1475 CDER = 0.168
CTS-CN-F2F-2019-11-15-1477 CDER = 0.044
Avg CDER : 0.156
currently, compute dev set in 0.8 threshold mode
CTS-CN-F2F-2019-11-15-1421 CDER = 0.429
CTS-CN-F2F-2019-11-15-1422 CDER = 0.404
CTS-CN-F2F-2019-11-15-1423 CDER = 0.057
CTS-CN-F2F-2019-11-15-1426 CDER = 0.198
CTS-CN-F2F-2019-11-15-1428 CDER = 0.070
CTS-CN-F2F-2019-11-15-1434 CDER = 0.110
CTS-CN-F2F-2019-11-15-1447 CDER = 0.106
CTS-CN-F2F-2019-11-15-1448 CDER = 0.094
CTS-CN-F2F-2019-11-15-1449 CDER = 0.108
CTS-CN-F2F-2019-11-15-1452 CDER = 0.056
CTS-CN-F2F-2019-11-15-1458 CDER = 0.117
CTS-CN-F2F-2019-11-15-1461 CDER = 0.000
CTS-CN-F2F-2019-11-15-1463 CDER = 0.135
CTS-CN-F2F-2019-11-15-1468 CDER = 0.029
CTS-CN-F2F-2019-11-15-1469 CDER = 0.083
CTS-CN-F2F-2019-11-15-1470 CDER = 0.171
CTS-CN-F2F-2019-11-15-1473 CDER = 0.072
CTS-CN-F2F-2019-11-15-1475 CDER = 0.193
CTS-CN-F2F-2019-11-15-1477 CDER = 0.034
Avg CDER : 0.130
currently, compute test set in 0.2 threshold mode
CTS-CN-F2F-2019-11-04-387 CDER = 1.211
CTS-CN-F2F-2019-11-11-193 CDER = 0.338
CTS-CN-F2F-2019-11-11-198 CDER = 0.539
CTS-CN-F2F-2019-11-11-390 CDER = 0.876
CTS-CN-F2F-2019-11-11-423 CDER = 0.193
CTS-CN-F2F-2019-11-11-431 CDER = 2.229
CTS-CN-F2F-2019-11-11-716 CDER = 0.192
CTS-CN-F2F-2019-11-15-3 CDER = 0.208
CTS-CN-F2F-2019-11-15-8 CDER = 0.213
CTS-CN-F2F-2019-11-15-9 CDER = 1.129
CTS-CN-F2F-2019-11-15-17 CDER = 0.372
CTS-CN-F2F-2019-11-15-26 CDER = 0.225
CTS-CN-F2F-2019-11-15-27 CDER = 0.249
CTS-CN-F2F-2019-11-15-37 CDER = 0.200
CTS-CN-F2F-2019-11-15-39 CDER = 0.132
CTS-CN-F2F-2019-11-15-45 CDER = 0.323
CTS-CN-F2F-2019-11-15-52 CDER = 0.273
CTS-CN-F2F-2019-11-15-53 CDER = 0.092
CTS-CN-F2F-2019-11-15-56 CDER = 0.215
CTS-CN-F2F-2019-11-15-65 CDER = 0.356
CTS-CN-F2F-2019-11-15-68 CDER = 0.211
CTS-CN-F2F-2019-11-15-73 CDER = 0.143
CTS-CN-F2F-2019-11-15-75 CDER = 0.349
CTS-CN-F2F-2019-11-15-77 CDER = 1.737
CTS-CN-F2F-2019-11-15-81 CDER = 0.375
CTS-CN-F2F-2019-11-15-82 CDER = 0.125
CTS-CN-F2F-2019-11-15-88 CDER = 0.250
CTS-CN-F2F-2019-11-15-91 CDER = 0.331
CTS-CN-F2F-2019-11-15-94 CDER = 0.592
CTS-CN-F2F-2019-11-15-100 CDER = 0.174
CTS-CN-F2F-2019-11-15-101 CDER = 0.394
CTS-CN-F2F-2019-11-15-105 CDER = 1.200
CTS-CN-F2F-2019-11-15-121 CDER = 0.307
CTS-CN-F2F-2019-11-15-123 CDER = 0.874
CTS-CN-F2F-2019-11-15-126 CDER = 0.117
CTS-CN-F2F-2019-11-15-128 CDER = 0.296
CTS-CN-F2F-2019-11-15-135 CDER = 0.357
CTS-CN-F2F-2019-11-15-138 CDER = 0.383
CTS-CN-F2F-2019-11-15-142 CDER = 0.295
CTS-CN-F2F-2019-11-15-144 CDER = 1.161
CTS-CN-F2F-2019-11-15-150 CDER = 0.212
CTS-CN-F2F-2019-11-15-151 CDER = 0.285
CTS-CN-F2F-2019-11-15-153 CDER = 0.446
Avg CDER : 0.469
currently, compute test set in 0.3 threshold mode
CTS-CN-F2F-2019-11-04-387 CDER = 0.975
CTS-CN-F2F-2019-11-11-193 CDER = 0.277
CTS-CN-F2F-2019-11-11-198 CDER = 0.500
CTS-CN-F2F-2019-11-11-390 CDER = 0.663
CTS-CN-F2F-2019-11-11-423 CDER = 0.096
CTS-CN-F2F-2019-11-11-431 CDER = 1.375
CTS-CN-F2F-2019-11-11-716 CDER = 0.154
CTS-CN-F2F-2019-11-15-3 CDER = 0.135
CTS-CN-F2F-2019-11-15-8 CDER = 0.148
CTS-CN-F2F-2019-11-15-9 CDER = 0.701
CTS-CN-F2F-2019-11-15-17 CDER = 0.340
CTS-CN-F2F-2019-11-15-26 CDER = 0.163
CTS-CN-F2F-2019-11-15-27 CDER = 0.200
CTS-CN-F2F-2019-11-15-37 CDER = 0.156
CTS-CN-F2F-2019-11-15-39 CDER = 0.096
CTS-CN-F2F-2019-11-15-45 CDER = 0.271
CTS-CN-F2F-2019-11-15-52 CDER = 0.224
CTS-CN-F2F-2019-11-15-53 CDER = 0.088
CTS-CN-F2F-2019-11-15-56 CDER = 0.175
CTS-CN-F2F-2019-11-15-65 CDER = 0.278
CTS-CN-F2F-2019-11-15-68 CDER = 0.173
CTS-CN-F2F-2019-11-15-73 CDER = 0.065
CTS-CN-F2F-2019-11-15-75 CDER = 0.189
CTS-CN-F2F-2019-11-15-77 CDER = 0.421
CTS-CN-F2F-2019-11-15-81 CDER = 0.301
CTS-CN-F2F-2019-11-15-82 CDER = 0.089
CTS-CN-F2F-2019-11-15-88 CDER = 0.142
CTS-CN-F2F-2019-11-15-91 CDER = 0.282
CTS-CN-F2F-2019-11-15-94 CDER = 0.487
CTS-CN-F2F-2019-11-15-100 CDER = 0.076
CTS-CN-F2F-2019-11-15-101 CDER = 0.321
CTS-CN-F2F-2019-11-15-105 CDER = 0.600
CTS-CN-F2F-2019-11-15-121 CDER = 0.227
CTS-CN-F2F-2019-11-15-123 CDER = 1.157
CTS-CN-F2F-2019-11-15-126 CDER = 0.081
CTS-CN-F2F-2019-11-15-128 CDER = 0.290
CTS-CN-F2F-2019-11-15-135 CDER = 0.253
CTS-CN-F2F-2019-11-15-138 CDER = 0.318
CTS-CN-F2F-2019-11-15-142 CDER = 0.267
CTS-CN-F2F-2019-11-15-144 CDER = 0.957
CTS-CN-F2F-2019-11-15-150 CDER = 0.202
CTS-CN-F2F-2019-11-15-151 CDER = 0.239
CTS-CN-F2F-2019-11-15-153 CDER = 0.354
Avg CDER : 0.337
currently, compute test set in 0.35 threshold mode
CTS-CN-F2F-2019-11-04-387 CDER = 0.865
CTS-CN-F2F-2019-11-11-193 CDER = 0.246
CTS-CN-F2F-2019-11-11-198 CDER = 0.474
CTS-CN-F2F-2019-11-11-390 CDER = 0.584
CTS-CN-F2F-2019-11-11-423 CDER = 0.067
CTS-CN-F2F-2019-11-11-431 CDER = 1.042
CTS-CN-F2F-2019-11-11-716 CDER = 0.096
CTS-CN-F2F-2019-11-15-3 CDER = 0.108
CTS-CN-F2F-2019-11-15-8 CDER = 0.131
CTS-CN-F2F-2019-11-15-9 CDER = 0.653
CTS-CN-F2F-2019-11-15-17 CDER = 0.326
CTS-CN-F2F-2019-11-15-26 CDER = 0.138
CTS-CN-F2F-2019-11-15-27 CDER = 0.164
CTS-CN-F2F-2019-11-15-37 CDER = 0.156
CTS-CN-F2F-2019-11-15-39 CDER = 0.092
CTS-CN-F2F-2019-11-15-45 CDER = 0.223
CTS-CN-F2F-2019-11-15-52 CDER = 0.189
CTS-CN-F2F-2019-11-15-53 CDER = 0.080
CTS-CN-F2F-2019-11-15-56 CDER = 0.152
CTS-CN-F2F-2019-11-15-65 CDER = 0.247
CTS-CN-F2F-2019-11-15-68 CDER = 0.143
CTS-CN-F2F-2019-11-15-73 CDER = 0.039
CTS-CN-F2F-2019-11-15-75 CDER = 0.151
CTS-CN-F2F-2019-11-15-77 CDER = 0.105
CTS-CN-F2F-2019-11-15-81 CDER = 0.295
CTS-CN-F2F-2019-11-15-82 CDER = 0.071
CTS-CN-F2F-2019-11-15-88 CDER = 0.119
CTS-CN-F2F-2019-11-15-91 CDER = 0.246
CTS-CN-F2F-2019-11-15-94 CDER = 0.467
CTS-CN-F2F-2019-11-15-100 CDER = 0.076
CTS-CN-F2F-2019-11-15-101 CDER = 0.309
CTS-CN-F2F-2019-11-15-105 CDER = 0.600
CTS-CN-F2F-2019-11-15-121 CDER = 0.227
CTS-CN-F2F-2019-11-15-123 CDER = 1.457
CTS-CN-F2F-2019-11-15-126 CDER = 0.056
CTS-CN-F2F-2019-11-15-128 CDER = 0.277
CTS-CN-F2F-2019-11-15-135 CDER = 0.186
CTS-CN-F2F-2019-11-15-138 CDER = 0.273
CTS-CN-F2F-2019-11-15-142 CDER = 0.237
CTS-CN-F2F-2019-11-15-144 CDER = 0.844
CTS-CN-F2F-2019-11-15-150 CDER = 0.182
CTS-CN-F2F-2019-11-15-151 CDER = 0.213
CTS-CN-F2F-2019-11-15-153 CDER = 0.338
Avg CDER : 0.301
currently, compute test set in 0.4 threshold mode
CTS-CN-F2F-2019-11-04-387 CDER = 0.777
CTS-CN-F2F-2019-11-11-193 CDER = 0.185
CTS-CN-F2F-2019-11-11-198 CDER = 0.395
CTS-CN-F2F-2019-11-11-390 CDER = 0.490
CTS-CN-F2F-2019-11-11-423 CDER = 0.044
CTS-CN-F2F-2019-11-11-431 CDER = 0.854
CTS-CN-F2F-2019-11-11-716 CDER = 0.096
CTS-CN-F2F-2019-11-15-3 CDER = 0.104
CTS-CN-F2F-2019-11-15-8 CDER = 0.049
CTS-CN-F2F-2019-11-15-9 CDER = 0.660
CTS-CN-F2F-2019-11-15-17 CDER = 0.307
CTS-CN-F2F-2019-11-15-26 CDER = 0.126
CTS-CN-F2F-2019-11-15-27 CDER = 0.144
CTS-CN-F2F-2019-11-15-37 CDER = 0.133
CTS-CN-F2F-2019-11-15-39 CDER = 0.074
CTS-CN-F2F-2019-11-15-45 CDER = 0.202
CTS-CN-F2F-2019-11-15-52 CDER = 0.154
CTS-CN-F2F-2019-11-15-53 CDER = 0.072
CTS-CN-F2F-2019-11-15-56 CDER = 0.142
CTS-CN-F2F-2019-11-15-65 CDER = 0.205
CTS-CN-F2F-2019-11-15-68 CDER = 0.135
CTS-CN-F2F-2019-11-15-73 CDER = 0.026
CTS-CN-F2F-2019-11-15-75 CDER = 0.094
CTS-CN-F2F-2019-11-15-77 CDER = 0.105
CTS-CN-F2F-2019-11-15-81 CDER = 0.273
CTS-CN-F2F-2019-11-15-82 CDER = 0.000
CTS-CN-F2F-2019-11-15-88 CDER = 0.074
CTS-CN-F2F-2019-11-15-91 CDER = 0.212
CTS-CN-F2F-2019-11-15-94 CDER = 0.388
CTS-CN-F2F-2019-11-15-100 CDER = 0.053
CTS-CN-F2F-2019-11-15-101 CDER = 0.278
CTS-CN-F2F-2019-11-15-105 CDER = 0.600
CTS-CN-F2F-2019-11-15-121 CDER = 0.182
CTS-CN-F2F-2019-11-15-123 CDER = 1.811
CTS-CN-F2F-2019-11-15-126 CDER = 0.041
CTS-CN-F2F-2019-11-15-128 CDER = 0.245
CTS-CN-F2F-2019-11-15-135 CDER = 0.173
CTS-CN-F2F-2019-11-15-138 CDER = 0.208
CTS-CN-F2F-2019-11-15-142 CDER = 0.219
CTS-CN-F2F-2019-11-15-144 CDER = 0.742
CTS-CN-F2F-2019-11-15-150 CDER = 0.131
CTS-CN-F2F-2019-11-15-151 CDER = 0.189
CTS-CN-F2F-2019-11-15-153 CDER = 0.300
Avg CDER : 0.272
currently, compute test set in 0.45 threshold mode
CTS-CN-F2F-2019-11-04-387 CDER = 0.648
CTS-CN-F2F-2019-11-11-193 CDER = 0.138
CTS-CN-F2F-2019-11-11-198 CDER = 0.342
CTS-CN-F2F-2019-11-11-390 CDER = 0.460
CTS-CN-F2F-2019-11-11-423 CDER = 0.022
CTS-CN-F2F-2019-11-11-431 CDER = 0.542
CTS-CN-F2F-2019-11-11-716 CDER = 0.096
CTS-CN-F2F-2019-11-15-3 CDER = 0.087
CTS-CN-F2F-2019-11-15-8 CDER = 0.033
CTS-CN-F2F-2019-11-15-9 CDER = 0.531
CTS-CN-F2F-2019-11-15-17 CDER = 0.286
CTS-CN-F2F-2019-11-15-26 CDER = 0.092
CTS-CN-F2F-2019-11-15-27 CDER = 0.141
CTS-CN-F2F-2019-11-15-37 CDER = 0.133
CTS-CN-F2F-2019-11-15-39 CDER = 0.059
CTS-CN-F2F-2019-11-15-45 CDER = 0.164
CTS-CN-F2F-2019-11-15-52 CDER = 0.115
CTS-CN-F2F-2019-11-15-53 CDER = 0.062
CTS-CN-F2F-2019-11-15-56 CDER = 0.129
CTS-CN-F2F-2019-11-15-65 CDER = 0.153
CTS-CN-F2F-2019-11-15-68 CDER = 0.118
CTS-CN-F2F-2019-11-15-73 CDER = 0.026
CTS-CN-F2F-2019-11-15-75 CDER = 0.085
CTS-CN-F2F-2019-11-15-77 CDER = 0.105
CTS-CN-F2F-2019-11-15-81 CDER = 0.245
CTS-CN-F2F-2019-11-15-82 CDER = 0.000
CTS-CN-F2F-2019-11-15-88 CDER = 0.068
CTS-CN-F2F-2019-11-15-91 CDER = 0.209
CTS-CN-F2F-2019-11-15-94 CDER = 0.307
CTS-CN-F2F-2019-11-15-100 CDER = 0.053
CTS-CN-F2F-2019-11-15-101 CDER = 0.245
CTS-CN-F2F-2019-11-15-105 CDER = 0.600
CTS-CN-F2F-2019-11-15-121 CDER = 0.114
CTS-CN-F2F-2019-11-15-123 CDER = 1.894
CTS-CN-F2F-2019-11-15-126 CDER = 0.041
CTS-CN-F2F-2019-11-15-128 CDER = 0.175
CTS-CN-F2F-2019-11-15-135 CDER = 0.152
CTS-CN-F2F-2019-11-15-138 CDER = 0.166
CTS-CN-F2F-2019-11-15-142 CDER = 0.219
CTS-CN-F2F-2019-11-15-144 CDER = 0.670
CTS-CN-F2F-2019-11-15-150 CDER = 0.121
CTS-CN-F2F-2019-11-15-151 CDER = 0.157
CTS-CN-F2F-2019-11-15-153 CDER = 0.262
Avg CDER : 0.239
currently, compute test set in 0.5 threshold mode
CTS-CN-F2F-2019-11-04-387 CDER = 0.425
CTS-CN-F2F-2019-11-11-193 CDER = 0.108
CTS-CN-F2F-2019-11-11-198 CDER = 0.237
CTS-CN-F2F-2019-11-11-390 CDER = 0.277
CTS-CN-F2F-2019-11-11-423 CDER = 0.044
CTS-CN-F2F-2019-11-11-431 CDER = 0.333
CTS-CN-F2F-2019-11-11-716 CDER = 0.077
CTS-CN-F2F-2019-11-15-3 CDER = 0.042
CTS-CN-F2F-2019-11-15-8 CDER = 0.033
CTS-CN-F2F-2019-11-15-9 CDER = 0.381
CTS-CN-F2F-2019-11-15-17 CDER = 0.269
CTS-CN-F2F-2019-11-15-26 CDER = 0.074
CTS-CN-F2F-2019-11-15-27 CDER = 0.144
CTS-CN-F2F-2019-11-15-37 CDER = 0.089
CTS-CN-F2F-2019-11-15-39 CDER = 0.037
CTS-CN-F2F-2019-11-15-45 CDER = 0.143
CTS-CN-F2F-2019-11-15-52 CDER = 0.087
CTS-CN-F2F-2019-11-15-53 CDER = 0.050
CTS-CN-F2F-2019-11-15-56 CDER = 0.092
CTS-CN-F2F-2019-11-15-65 CDER = 0.139
CTS-CN-F2F-2019-11-15-68 CDER = 0.114
CTS-CN-F2F-2019-11-15-73 CDER = 0.000
CTS-CN-F2F-2019-11-15-75 CDER = 0.066
CTS-CN-F2F-2019-11-15-77 CDER = 0.105
CTS-CN-F2F-2019-11-15-81 CDER = 0.203
CTS-CN-F2F-2019-11-15-82 CDER = 0.000
CTS-CN-F2F-2019-11-15-88 CDER = 0.062
CTS-CN-F2F-2019-11-15-91 CDER = 0.197
CTS-CN-F2F-2019-11-15-94 CDER = 0.213
CTS-CN-F2F-2019-11-15-100 CDER = 0.015
CTS-CN-F2F-2019-11-15-101 CDER = 0.205
CTS-CN-F2F-2019-11-15-105 CDER = 0.600
CTS-CN-F2F-2019-11-15-121 CDER = 0.045
CTS-CN-F2F-2019-11-15-123 CDER = 0.169
CTS-CN-F2F-2019-11-15-126 CDER = 0.025
CTS-CN-F2F-2019-11-15-128 CDER = 0.153
CTS-CN-F2F-2019-11-15-135 CDER = 0.119
CTS-CN-F2F-2019-11-15-138 CDER = 0.127
CTS-CN-F2F-2019-11-15-142 CDER = 0.200
CTS-CN-F2F-2019-11-15-144 CDER = 0.566
CTS-CN-F2F-2019-11-15-150 CDER = 0.111
CTS-CN-F2F-2019-11-15-151 CDER = 0.130
CTS-CN-F2F-2019-11-15-153 CDER = 0.238
Avg CDER : 0.157
currently, compute test set in 0.55 threshold mode
CTS-CN-F2F-2019-11-04-387 CDER = 0.307
CTS-CN-F2F-2019-11-11-193 CDER = 0.108
CTS-CN-F2F-2019-11-11-198 CDER = 0.197
CTS-CN-F2F-2019-11-11-390 CDER = 0.188
CTS-CN-F2F-2019-11-11-423 CDER = 0.052
CTS-CN-F2F-2019-11-11-431 CDER = 0.125
CTS-CN-F2F-2019-11-11-716 CDER = 0.058
CTS-CN-F2F-2019-11-15-3 CDER = 0.045
CTS-CN-F2F-2019-11-15-8 CDER = 0.066
CTS-CN-F2F-2019-11-15-9 CDER = 0.265
CTS-CN-F2F-2019-11-15-17 CDER = 0.252
CTS-CN-F2F-2019-11-15-26 CDER = 0.074
CTS-CN-F2F-2019-11-15-27 CDER = 0.118
CTS-CN-F2F-2019-11-15-37 CDER = 0.089
CTS-CN-F2F-2019-11-15-39 CDER = 0.044
CTS-CN-F2F-2019-11-15-45 CDER = 0.135
CTS-CN-F2F-2019-11-15-52 CDER = 0.070
CTS-CN-F2F-2019-11-15-53 CDER = 0.048
CTS-CN-F2F-2019-11-15-56 CDER = 0.090
CTS-CN-F2F-2019-11-15-65 CDER = 0.131
CTS-CN-F2F-2019-11-15-68 CDER = 0.105
CTS-CN-F2F-2019-11-15-73 CDER = 0.000
CTS-CN-F2F-2019-11-15-75 CDER = 0.028
CTS-CN-F2F-2019-11-15-77 CDER = 0.105
CTS-CN-F2F-2019-11-15-81 CDER = 0.165
CTS-CN-F2F-2019-11-15-82 CDER = 0.000
CTS-CN-F2F-2019-11-15-88 CDER = 0.051
CTS-CN-F2F-2019-11-15-91 CDER = 0.182
CTS-CN-F2F-2019-11-15-94 CDER = 0.186
CTS-CN-F2F-2019-11-15-100 CDER = 0.023
CTS-CN-F2F-2019-11-15-101 CDER = 0.159
CTS-CN-F2F-2019-11-15-105 CDER = 0.400
CTS-CN-F2F-2019-11-15-121 CDER = 0.023
CTS-CN-F2F-2019-11-15-123 CDER = 1.004
CTS-CN-F2F-2019-11-15-126 CDER = 0.030
CTS-CN-F2F-2019-11-15-128 CDER = 0.124
CTS-CN-F2F-2019-11-15-135 CDER = 0.119
CTS-CN-F2F-2019-11-15-138 CDER = 0.127
CTS-CN-F2F-2019-11-15-142 CDER = 0.185
CTS-CN-F2F-2019-11-15-144 CDER = 0.484
CTS-CN-F2F-2019-11-15-150 CDER = 0.081
CTS-CN-F2F-2019-11-15-151 CDER = 0.109
CTS-CN-F2F-2019-11-15-153 CDER = 0.185
Avg CDER : 0.147
currently, compute test set in 0.6 threshold mode
CTS-CN-F2F-2019-11-04-387 CDER = 0.234
CTS-CN-F2F-2019-11-11-193 CDER = 0.062
CTS-CN-F2F-2019-11-11-198 CDER = 0.132
CTS-CN-F2F-2019-11-11-390 CDER = 0.168
CTS-CN-F2F-2019-11-11-423 CDER = 0.052
CTS-CN-F2F-2019-11-11-431 CDER = 0.125
CTS-CN-F2F-2019-11-11-716 CDER = 0.038
CTS-CN-F2F-2019-11-15-3 CDER = 0.045
CTS-CN-F2F-2019-11-15-8 CDER = 0.066
CTS-CN-F2F-2019-11-15-9 CDER = 0.218
CTS-CN-F2F-2019-11-15-17 CDER = 0.232
CTS-CN-F2F-2019-11-15-26 CDER = 0.062
CTS-CN-F2F-2019-11-15-27 CDER = 0.108
CTS-CN-F2F-2019-11-15-37 CDER = 0.089
CTS-CN-F2F-2019-11-15-39 CDER = 0.040
CTS-CN-F2F-2019-11-15-45 CDER = 0.126
CTS-CN-F2F-2019-11-15-52 CDER = 0.056
CTS-CN-F2F-2019-11-15-53 CDER = 0.048
CTS-CN-F2F-2019-11-15-56 CDER = 0.079
CTS-CN-F2F-2019-11-15-65 CDER = 0.135
CTS-CN-F2F-2019-11-15-68 CDER = 0.101
CTS-CN-F2F-2019-11-15-73 CDER = 0.000
CTS-CN-F2F-2019-11-15-75 CDER = 0.028
CTS-CN-F2F-2019-11-15-77 CDER = 0.105
CTS-CN-F2F-2019-11-15-81 CDER = 0.149
CTS-CN-F2F-2019-11-15-82 CDER = 0.000
CTS-CN-F2F-2019-11-15-88 CDER = 0.045
CTS-CN-F2F-2019-11-15-91 CDER = 0.170
CTS-CN-F2F-2019-11-15-94 CDER = 0.151
CTS-CN-F2F-2019-11-15-100 CDER = 0.023
CTS-CN-F2F-2019-11-15-101 CDER = 0.131
CTS-CN-F2F-2019-11-15-105 CDER = 0.000
CTS-CN-F2F-2019-11-15-121 CDER = 0.000
CTS-CN-F2F-2019-11-15-123 CDER = 1.004
CTS-CN-F2F-2019-11-15-126 CDER = 0.030
CTS-CN-F2F-2019-11-15-128 CDER = 0.111
CTS-CN-F2F-2019-11-15-135 CDER = 0.121
CTS-CN-F2F-2019-11-15-138 CDER = 0.124
CTS-CN-F2F-2019-11-15-142 CDER = 0.189
CTS-CN-F2F-2019-11-15-144 CDER = 0.455
CTS-CN-F2F-2019-11-15-150 CDER = 0.071
CTS-CN-F2F-2019-11-15-151 CDER = 0.088
CTS-CN-F2F-2019-11-15-153 CDER = 0.154
Avg CDER : 0.125
currently, compute test set in 0.7 threshold mode
CTS-CN-F2F-2019-11-04-387 CDER = 0.189
CTS-CN-F2F-2019-11-11-193 CDER = 0.062
CTS-CN-F2F-2019-11-11-198 CDER = 0.145
CTS-CN-F2F-2019-11-11-390 CDER = 0.149
CTS-CN-F2F-2019-11-11-423 CDER = 0.044
CTS-CN-F2F-2019-11-11-431 CDER = 0.083
CTS-CN-F2F-2019-11-11-716 CDER = 0.038
CTS-CN-F2F-2019-11-15-3 CDER = 0.052
CTS-CN-F2F-2019-11-15-8 CDER = 0.016
CTS-CN-F2F-2019-11-15-9 CDER = 0.190
CTS-CN-F2F-2019-11-15-17 CDER = 0.197
CTS-CN-F2F-2019-11-15-26 CDER = 0.068
CTS-CN-F2F-2019-11-15-27 CDER = 0.066
CTS-CN-F2F-2019-11-15-37 CDER = 0.089
CTS-CN-F2F-2019-11-15-39 CDER = 0.029
CTS-CN-F2F-2019-11-15-45 CDER = 0.123
CTS-CN-F2F-2019-11-15-52 CDER = 0.042
CTS-CN-F2F-2019-11-15-53 CDER = 0.048
CTS-CN-F2F-2019-11-15-56 CDER = 0.079
CTS-CN-F2F-2019-11-15-65 CDER = 0.129
CTS-CN-F2F-2019-11-15-68 CDER = 0.101
CTS-CN-F2F-2019-11-15-73 CDER = 0.000
CTS-CN-F2F-2019-11-15-75 CDER = 0.009
CTS-CN-F2F-2019-11-15-77 CDER = 0.000
CTS-CN-F2F-2019-11-15-81 CDER = 0.131
CTS-CN-F2F-2019-11-15-82 CDER = 0.000
CTS-CN-F2F-2019-11-15-88 CDER = 0.045
CTS-CN-F2F-2019-11-15-91 CDER = 0.161
CTS-CN-F2F-2019-11-15-94 CDER = 0.131
CTS-CN-F2F-2019-11-15-100 CDER = 0.015
CTS-CN-F2F-2019-11-15-101 CDER = 0.104
CTS-CN-F2F-2019-11-15-105 CDER = 0.000
CTS-CN-F2F-2019-11-15-121 CDER = 0.011
Warning: CTS-CN-F2F-2019-11-15-123 is missed!
CTS-CN-F2F-2019-11-15-126 CDER = 0.025
CTS-CN-F2F-2019-11-15-128 CDER = 0.086
CTS-CN-F2F-2019-11-15-135 CDER = 0.124
CTS-CN-F2F-2019-11-15-138 CDER = 0.107
CTS-CN-F2F-2019-11-15-142 CDER = 0.180
CTS-CN-F2F-2019-11-15-144 CDER = 0.410
CTS-CN-F2F-2019-11-15-150 CDER = 0.071
CTS-CN-F2F-2019-11-15-151 CDER = 0.072
CTS-CN-F2F-2019-11-15-153 CDER = 0.077
Avg CDER : Error!
currently, compute test set in 0.8 threshold mode
CTS-CN-F2F-2019-11-04-387 CDER = 0.141
CTS-CN-F2F-2019-11-11-193 CDER = 0.077
CTS-CN-F2F-2019-11-11-198 CDER = 0.092
CTS-CN-F2F-2019-11-11-390 CDER = 0.134
CTS-CN-F2F-2019-11-11-423 CDER = 0.044
CTS-CN-F2F-2019-11-11-431 CDER = 0.146
CTS-CN-F2F-2019-11-11-716 CDER = 0.058
CTS-CN-F2F-2019-11-15-3 CDER = 0.059
CTS-CN-F2F-2019-11-15-8 CDER = 0.016
CTS-CN-F2F-2019-11-15-9 CDER = 0.211
CTS-CN-F2F-2019-11-15-17 CDER = 0.161
CTS-CN-F2F-2019-11-15-26 CDER = 0.068
CTS-CN-F2F-2019-11-15-27 CDER = 0.066
CTS-CN-F2F-2019-11-15-37 CDER = 0.044
CTS-CN-F2F-2019-11-15-39 CDER = 0.022
CTS-CN-F2F-2019-11-15-45 CDER = 0.116
CTS-CN-F2F-2019-11-15-52 CDER = 0.031
CTS-CN-F2F-2019-11-15-53 CDER = 0.054
CTS-CN-F2F-2019-11-15-56 CDER = 0.071
CTS-CN-F2F-2019-11-15-65 CDER = 0.111
CTS-CN-F2F-2019-11-15-68 CDER = 0.080
CTS-CN-F2F-2019-11-15-73 CDER = 0.000
CTS-CN-F2F-2019-11-15-75 CDER = 0.019
CTS-CN-F2F-2019-11-15-77 CDER = 0.000
CTS-CN-F2F-2019-11-15-81 CDER = 0.112
CTS-CN-F2F-2019-11-15-82 CDER = 0.000
CTS-CN-F2F-2019-11-15-88 CDER = 0.051
CTS-CN-F2F-2019-11-15-91 CDER = 0.161
CTS-CN-F2F-2019-11-15-94 CDER = 0.134
CTS-CN-F2F-2019-11-15-100 CDER = 0.015
CTS-CN-F2F-2019-11-15-101 CDER = 0.098
CTS-CN-F2F-2019-11-15-105 CDER = 0.000
CTS-CN-F2F-2019-11-15-121 CDER = 0.011
Warning: CTS-CN-F2F-2019-11-15-123 is missed!
CTS-CN-F2F-2019-11-15-126 CDER = 0.025
CTS-CN-F2F-2019-11-15-128 CDER = 0.089
CTS-CN-F2F-2019-11-15-135 CDER = 0.119
CTS-CN-F2F-2019-11-15-138 CDER = 0.101
CTS-CN-F2F-2019-11-15-142 CDER = 0.177
CTS-CN-F2F-2019-11-15-144 CDER = 0.348
CTS-CN-F2F-2019-11-15-150 CDER = 0.071
CTS-CN-F2F-2019-11-15-151 CDER = 0.066
CTS-CN-F2F-2019-11-15-153 CDER = 0.062
Avg CDER : Error!
