
compute CDER on 0.0 mode in dev dataset at 0.2 threshold
CTS-CN-F2F-2019-11-15-1421 CDER = 0.617
CTS-CN-F2F-2019-11-15-1422 CDER = 0.830
CTS-CN-F2F-2019-11-15-1423 CDER = 0.275
CTS-CN-F2F-2019-11-15-1426 CDER = 0.521
CTS-CN-F2F-2019-11-15-1428 CDER = 0.148
CTS-CN-F2F-2019-11-15-1434 CDER = 0.375
CTS-CN-F2F-2019-11-15-1447 CDER = 0.258
CTS-CN-F2F-2019-11-15-1448 CDER = 0.241
CTS-CN-F2F-2019-11-15-1449 CDER = 0.304
CTS-CN-F2F-2019-11-15-1452 CDER = 0.228
CTS-CN-F2F-2019-11-15-1458 CDER = 0.576
CTS-CN-F2F-2019-11-15-1461 CDER = 0.263
CTS-CN-F2F-2019-11-15-1463 CDER = 1.216
CTS-CN-F2F-2019-11-15-1468 CDER = 0.143
CTS-CN-F2F-2019-11-15-1469 CDER = 0.184
CTS-CN-F2F-2019-11-15-1470 CDER = 0.554
CTS-CN-F2F-2019-11-15-1473 CDER = 0.418
CTS-CN-F2F-2019-11-15-1475 CDER = 0.436
CTS-CN-F2F-2019-11-15-1477 CDER = 0.216
Avg CDER : 0.411
compute CDER on 0.0 mode in dev dataset at 0.3 threshold
CTS-CN-F2F-2019-11-15-1421 CDER = 0.368
CTS-CN-F2F-2019-11-15-1422 CDER = 0.596
CTS-CN-F2F-2019-11-15-1423 CDER = 0.223
CTS-CN-F2F-2019-11-15-1426 CDER = 0.456
CTS-CN-F2F-2019-11-15-1428 CDER = 0.104
CTS-CN-F2F-2019-11-15-1434 CDER = 0.293
CTS-CN-F2F-2019-11-15-1447 CDER = 0.166
CTS-CN-F2F-2019-11-15-1448 CDER = 0.198
CTS-CN-F2F-2019-11-15-1449 CDER = 0.252
CTS-CN-F2F-2019-11-15-1452 CDER = 0.148
CTS-CN-F2F-2019-11-15-1458 CDER = 0.394
CTS-CN-F2F-2019-11-15-1461 CDER = 0.105
CTS-CN-F2F-2019-11-15-1463 CDER = 0.703
CTS-CN-F2F-2019-11-15-1468 CDER = 0.107
CTS-CN-F2F-2019-11-15-1469 CDER = 0.147
CTS-CN-F2F-2019-11-15-1470 CDER = 0.504
CTS-CN-F2F-2019-11-15-1473 CDER = 0.327
CTS-CN-F2F-2019-11-15-1475 CDER = 0.411
CTS-CN-F2F-2019-11-15-1477 CDER = 0.169
Avg CDER : 0.298
compute CDER on 0.0 mode in dev dataset at 0.35 threshold
CTS-CN-F2F-2019-11-15-1421 CDER = 0.278
CTS-CN-F2F-2019-11-15-1422 CDER = 0.596
CTS-CN-F2F-2019-11-15-1423 CDER = 0.205
CTS-CN-F2F-2019-11-15-1426 CDER = 0.456
CTS-CN-F2F-2019-11-15-1428 CDER = 0.083
CTS-CN-F2F-2019-11-15-1434 CDER = 0.251
CTS-CN-F2F-2019-11-15-1447 CDER = 0.159
CTS-CN-F2F-2019-11-15-1448 CDER = 0.168
CTS-CN-F2F-2019-11-15-1449 CDER = 0.192
CTS-CN-F2F-2019-11-15-1452 CDER = 0.097
CTS-CN-F2F-2019-11-15-1458 CDER = 0.345
CTS-CN-F2F-2019-11-15-1461 CDER = 0.105
CTS-CN-F2F-2019-11-15-1463 CDER = 0.459
CTS-CN-F2F-2019-11-15-1468 CDER = 0.094
CTS-CN-F2F-2019-11-15-1469 CDER = 0.101
CTS-CN-F2F-2019-11-15-1470 CDER = 0.461
CTS-CN-F2F-2019-11-15-1473 CDER = 0.269
CTS-CN-F2F-2019-11-15-1475 CDER = 0.327
CTS-CN-F2F-2019-11-15-1477 CDER = 0.122
Avg CDER : 0.251
compute CDER on 0.0 mode in dev dataset at 0.4 threshold
CTS-CN-F2F-2019-11-15-1421 CDER = 0.233
CTS-CN-F2F-2019-11-15-1422 CDER = 0.511
CTS-CN-F2F-2019-11-15-1423 CDER = 0.171
CTS-CN-F2F-2019-11-15-1426 CDER = 0.415
CTS-CN-F2F-2019-11-15-1428 CDER = 0.070
CTS-CN-F2F-2019-11-15-1434 CDER = 0.170
CTS-CN-F2F-2019-11-15-1447 CDER = 0.119
CTS-CN-F2F-2019-11-15-1448 CDER = 0.155
CTS-CN-F2F-2019-11-15-1449 CDER = 0.140
CTS-CN-F2F-2019-11-15-1452 CDER = 0.084
CTS-CN-F2F-2019-11-15-1458 CDER = 0.337
CTS-CN-F2F-2019-11-15-1461 CDER = 0.000
CTS-CN-F2F-2019-11-15-1463 CDER = 0.324
CTS-CN-F2F-2019-11-15-1468 CDER = 0.090
CTS-CN-F2F-2019-11-15-1469 CDER = 0.088
CTS-CN-F2F-2019-11-15-1470 CDER = 0.432
CTS-CN-F2F-2019-11-15-1473 CDER = 0.264
CTS-CN-F2F-2019-11-15-1475 CDER = 0.302
CTS-CN-F2F-2019-11-15-1477 CDER = 0.101
Avg CDER : 0.211
compute CDER on 0.0 mode in dev dataset at 0.45 threshold
CTS-CN-F2F-2019-11-15-1421 CDER = 0.211
CTS-CN-F2F-2019-11-15-1422 CDER = 0.447
CTS-CN-F2F-2019-11-15-1423 CDER = 0.140
CTS-CN-F2F-2019-11-15-1426 CDER = 0.406
CTS-CN-F2F-2019-11-15-1428 CDER = 0.048
CTS-CN-F2F-2019-11-15-1434 CDER = 0.155
CTS-CN-F2F-2019-11-15-1447 CDER = 0.099
CTS-CN-F2F-2019-11-15-1448 CDER = 0.142
CTS-CN-F2F-2019-11-15-1449 CDER = 0.126
CTS-CN-F2F-2019-11-15-1452 CDER = 0.061
CTS-CN-F2F-2019-11-15-1458 CDER = 0.246
CTS-CN-F2F-2019-11-15-1461 CDER = 0.000
CTS-CN-F2F-2019-11-15-1463 CDER = 0.189
CTS-CN-F2F-2019-11-15-1468 CDER = 0.057
CTS-CN-F2F-2019-11-15-1469 CDER = 0.074
CTS-CN-F2F-2019-11-15-1470 CDER = 0.318
CTS-CN-F2F-2019-11-15-1473 CDER = 0.216
CTS-CN-F2F-2019-11-15-1475 CDER = 0.262
CTS-CN-F2F-2019-11-15-1477 CDER = 0.061
Avg CDER : 0.172
compute CDER on 0.0 mode in dev dataset at 0.5 threshold
CTS-CN-F2F-2019-11-15-1421 CDER = 0.203
CTS-CN-F2F-2019-11-15-1422 CDER = 0.447
CTS-CN-F2F-2019-11-15-1423 CDER = 0.091
CTS-CN-F2F-2019-11-15-1426 CDER = 0.359
CTS-CN-F2F-2019-11-15-1428 CDER = 0.048
CTS-CN-F2F-2019-11-15-1434 CDER = 0.131
CTS-CN-F2F-2019-11-15-1447 CDER = 0.086
CTS-CN-F2F-2019-11-15-1448 CDER = 0.120
CTS-CN-F2F-2019-11-15-1449 CDER = 0.115
CTS-CN-F2F-2019-11-15-1452 CDER = 0.047
CTS-CN-F2F-2019-11-15-1458 CDER = 0.182
CTS-CN-F2F-2019-11-15-1461 CDER = 0.000
CTS-CN-F2F-2019-11-15-1463 CDER = 0.162
CTS-CN-F2F-2019-11-15-1468 CDER = 0.057
CTS-CN-F2F-2019-11-15-1469 CDER = 0.069
CTS-CN-F2F-2019-11-15-1470 CDER = 0.246
CTS-CN-F2F-2019-11-15-1473 CDER = 0.173
CTS-CN-F2F-2019-11-15-1475 CDER = 0.238
CTS-CN-F2F-2019-11-15-1477 CDER = 0.047
Avg CDER : 0.149
compute CDER on 0.0 mode in dev dataset at 0.55 threshold
CTS-CN-F2F-2019-11-15-1421 CDER = 0.158
CTS-CN-F2F-2019-11-15-1422 CDER = 0.426
CTS-CN-F2F-2019-11-15-1423 CDER = 0.070
CTS-CN-F2F-2019-11-15-1426 CDER = 0.313
CTS-CN-F2F-2019-11-15-1428 CDER = 0.035
CTS-CN-F2F-2019-11-15-1434 CDER = 0.102
CTS-CN-F2F-2019-11-15-1447 CDER = 0.099
CTS-CN-F2F-2019-11-15-1448 CDER = 0.112
CTS-CN-F2F-2019-11-15-1449 CDER = 0.108
CTS-CN-F2F-2019-11-15-1452 CDER = 0.047
CTS-CN-F2F-2019-11-15-1458 CDER = 0.152
CTS-CN-F2F-2019-11-15-1461 CDER = 0.000
CTS-CN-F2F-2019-11-15-1463 CDER = 0.135
CTS-CN-F2F-2019-11-15-1468 CDER = 0.049
CTS-CN-F2F-2019-11-15-1469 CDER = 0.088
CTS-CN-F2F-2019-11-15-1470 CDER = 0.211
CTS-CN-F2F-2019-11-15-1473 CDER = 0.139
CTS-CN-F2F-2019-11-15-1475 CDER = 0.218
CTS-CN-F2F-2019-11-15-1477 CDER = 0.051
Avg CDER : 0.132
compute CDER on 0.0 mode in dev dataset at 0.6 threshold
CTS-CN-F2F-2019-11-15-1421 CDER = 0.090
CTS-CN-F2F-2019-11-15-1422 CDER = 0.404
CTS-CN-F2F-2019-11-15-1423 CDER = 0.065
CTS-CN-F2F-2019-11-15-1426 CDER = 0.267
CTS-CN-F2F-2019-11-15-1428 CDER = 0.043
CTS-CN-F2F-2019-11-15-1434 CDER = 0.085
CTS-CN-F2F-2019-11-15-1447 CDER = 0.086
CTS-CN-F2F-2019-11-15-1448 CDER = 0.102
CTS-CN-F2F-2019-11-15-1449 CDER = 0.098
CTS-CN-F2F-2019-11-15-1452 CDER = 0.045
CTS-CN-F2F-2019-11-15-1458 CDER = 0.133
CTS-CN-F2F-2019-11-15-1461 CDER = 0.000
CTS-CN-F2F-2019-11-15-1463 CDER = 0.081
CTS-CN-F2F-2019-11-15-1468 CDER = 0.053
CTS-CN-F2F-2019-11-15-1469 CDER = 0.069
CTS-CN-F2F-2019-11-15-1470 CDER = 0.189
CTS-CN-F2F-2019-11-15-1473 CDER = 0.106
CTS-CN-F2F-2019-11-15-1475 CDER = 0.193
CTS-CN-F2F-2019-11-15-1477 CDER = 0.047
Avg CDER : 0.114
compute CDER on 0.0 mode in dev dataset at 0.7 threshold
CTS-CN-F2F-2019-11-15-1421 CDER = 0.098
CTS-CN-F2F-2019-11-15-1422 CDER = 0.362
CTS-CN-F2F-2019-11-15-1423 CDER = 0.049
CTS-CN-F2F-2019-11-15-1426 CDER = 0.244
CTS-CN-F2F-2019-11-15-1428 CDER = 0.039
CTS-CN-F2F-2019-11-15-1434 CDER = 0.074
CTS-CN-F2F-2019-11-15-1447 CDER = 0.079
CTS-CN-F2F-2019-11-15-1448 CDER = 0.102
CTS-CN-F2F-2019-11-15-1449 CDER = 0.084
CTS-CN-F2F-2019-11-15-1452 CDER = 0.056
CTS-CN-F2F-2019-11-15-1458 CDER = 0.114
CTS-CN-F2F-2019-11-15-1461 CDER = 0.000
CTS-CN-F2F-2019-11-15-1463 CDER = 0.081
CTS-CN-F2F-2019-11-15-1468 CDER = 0.029
CTS-CN-F2F-2019-11-15-1469 CDER = 0.078
CTS-CN-F2F-2019-11-15-1470 CDER = 0.175
CTS-CN-F2F-2019-11-15-1473 CDER = 0.087
CTS-CN-F2F-2019-11-15-1475 CDER = 0.198
CTS-CN-F2F-2019-11-15-1477 CDER = 0.034
Avg CDER : 0.104
compute CDER on 0.0 mode in dev dataset at 0.8 threshold
CTS-CN-F2F-2019-11-15-1421 CDER = 0.083
CTS-CN-F2F-2019-11-15-1422 CDER = 0.340
CTS-CN-F2F-2019-11-15-1423 CDER = 0.047
CTS-CN-F2F-2019-11-15-1426 CDER = 0.207
CTS-CN-F2F-2019-11-15-1428 CDER = 0.052
CTS-CN-F2F-2019-11-15-1434 CDER = 0.081
CTS-CN-F2F-2019-11-15-1447 CDER = 0.086
CTS-CN-F2F-2019-11-15-1448 CDER = 0.094
CTS-CN-F2F-2019-11-15-1449 CDER = 0.077
CTS-CN-F2F-2019-11-15-1452 CDER = 0.058
CTS-CN-F2F-2019-11-15-1458 CDER = 0.125
CTS-CN-F2F-2019-11-15-1461 CDER = 0.000
CTS-CN-F2F-2019-11-15-1463 CDER = 0.054
CTS-CN-F2F-2019-11-15-1468 CDER = 0.012
CTS-CN-F2F-2019-11-15-1469 CDER = 0.092
CTS-CN-F2F-2019-11-15-1470 CDER = 0.132
CTS-CN-F2F-2019-11-15-1473 CDER = 0.067
CTS-CN-F2F-2019-11-15-1475 CDER = 0.193
CTS-CN-F2F-2019-11-15-1477 CDER = 0.034
Avg CDER : 0.097
compute CDER on 0.0 mode in dev dataset at 0.9 threshold
CTS-CN-F2F-2019-11-15-1421 CDER = 0.113
CTS-CN-F2F-2019-11-15-1422 CDER = 0.340
CTS-CN-F2F-2019-11-15-1423 CDER = 0.047
CTS-CN-F2F-2019-11-15-1426 CDER = 0.124
CTS-CN-F2F-2019-11-15-1428 CDER = 0.083
CTS-CN-F2F-2019-11-15-1434 CDER = 0.074
CTS-CN-F2F-2019-11-15-1447 CDER = 0.073
CTS-CN-F2F-2019-11-15-1448 CDER = 0.099
CTS-CN-F2F-2019-11-15-1449 CDER = 0.091
CTS-CN-F2F-2019-11-15-1452 CDER = 0.072
CTS-CN-F2F-2019-11-15-1458 CDER = 0.098
CTS-CN-F2F-2019-11-15-1461 CDER = 0.000
CTS-CN-F2F-2019-11-15-1463 CDER = 0.054
CTS-CN-F2F-2019-11-15-1468 CDER = 0.020
CTS-CN-F2F-2019-11-15-1469 CDER = 0.074
CTS-CN-F2F-2019-11-15-1470 CDER = 0.096
CTS-CN-F2F-2019-11-15-1473 CDER = 0.053
CTS-CN-F2F-2019-11-15-1475 CDER = 0.188
CTS-CN-F2F-2019-11-15-1477 CDER = 0.047
Avg CDER : 0.092
compute CDER on 0.0 mode in test dataset at 0.2 threshold
CTS-CN-F2F-2019-11-04-387 CDER = 0.623
CTS-CN-F2F-2019-11-11-193 CDER = 0.338
CTS-CN-F2F-2019-11-11-198 CDER = 0.526
CTS-CN-F2F-2019-11-11-390 CDER = 0.802
CTS-CN-F2F-2019-11-11-423 CDER = 0.089
CTS-CN-F2F-2019-11-11-431 CDER = 1.062
CTS-CN-F2F-2019-11-11-716 CDER = 0.173
CTS-CN-F2F-2019-11-15-3 CDER = 0.181
CTS-CN-F2F-2019-11-15-8 CDER = 1.475
CTS-CN-F2F-2019-11-15-9 CDER = 0.707
CTS-CN-F2F-2019-11-15-17 CDER = 0.353
CTS-CN-F2F-2019-11-15-26 CDER = 0.163
CTS-CN-F2F-2019-11-15-27 CDER = 0.213
CTS-CN-F2F-2019-11-15-37 CDER = 0.200
CTS-CN-F2F-2019-11-15-39 CDER = 0.096
CTS-CN-F2F-2019-11-15-45 CDER = 0.283
CTS-CN-F2F-2019-11-15-52 CDER = 0.199
CTS-CN-F2F-2019-11-15-53 CDER = 0.084
CTS-CN-F2F-2019-11-15-56 CDER = 0.392
CTS-CN-F2F-2019-11-15-65 CDER = 0.322
CTS-CN-F2F-2019-11-15-68 CDER = 0.181
CTS-CN-F2F-2019-11-15-73 CDER = 0.104
CTS-CN-F2F-2019-11-15-75 CDER = 0.208
CTS-CN-F2F-2019-11-15-77 CDER = 0.789
CTS-CN-F2F-2019-11-15-81 CDER = 0.285
CTS-CN-F2F-2019-11-15-82 CDER = 0.054
CTS-CN-F2F-2019-11-15-88 CDER = 0.295
CTS-CN-F2F-2019-11-15-91 CDER = 0.297
CTS-CN-F2F-2019-11-15-94 CDER = 0.509
CTS-CN-F2F-2019-11-15-100 CDER = 0.159
CTS-CN-F2F-2019-11-15-101 CDER = 0.306
CTS-CN-F2F-2019-11-15-105 CDER = 0.600
CTS-CN-F2F-2019-11-15-121 CDER = 0.295
CTS-CN-F2F-2019-11-15-123 CDER = 1.346
CTS-CN-F2F-2019-11-15-126 CDER = 0.117
CTS-CN-F2F-2019-11-15-128 CDER = 0.264
CTS-CN-F2F-2019-11-15-135 CDER = 0.318
CTS-CN-F2F-2019-11-15-138 CDER = 0.307
CTS-CN-F2F-2019-11-15-142 CDER = 0.280
CTS-CN-F2F-2019-11-15-144 CDER = 0.742
CTS-CN-F2F-2019-11-15-150 CDER = 0.222
CTS-CN-F2F-2019-11-15-151 CDER = 0.598
CTS-CN-F2F-2019-11-15-153 CDER = 0.269
Avg CDER : 0.391
compute CDER on 0.0 mode in test dataset at 0.3 threshold
CTS-CN-F2F-2019-11-04-387 CDER = 0.541
CTS-CN-F2F-2019-11-11-193 CDER = 0.185
CTS-CN-F2F-2019-11-11-198 CDER = 0.342
CTS-CN-F2F-2019-11-11-390 CDER = 0.683
CTS-CN-F2F-2019-11-11-423 CDER = 0.067
CTS-CN-F2F-2019-11-11-431 CDER = 0.812
CTS-CN-F2F-2019-11-11-716 CDER = 0.154
CTS-CN-F2F-2019-11-15-3 CDER = 0.135
CTS-CN-F2F-2019-11-15-8 CDER = 0.984
CTS-CN-F2F-2019-11-15-9 CDER = 0.449
CTS-CN-F2F-2019-11-15-17 CDER = 0.329
CTS-CN-F2F-2019-11-15-26 CDER = 0.142
CTS-CN-F2F-2019-11-15-27 CDER = 0.200
CTS-CN-F2F-2019-11-15-37 CDER = 0.156
CTS-CN-F2F-2019-11-15-39 CDER = 0.051
CTS-CN-F2F-2019-11-15-45 CDER = 0.240
CTS-CN-F2F-2019-11-15-52 CDER = 0.189
CTS-CN-F2F-2019-11-15-53 CDER = 0.070
CTS-CN-F2F-2019-11-15-56 CDER = 0.271
CTS-CN-F2F-2019-11-15-65 CDER = 0.262
CTS-CN-F2F-2019-11-15-68 CDER = 0.135
CTS-CN-F2F-2019-11-15-73 CDER = 0.078
CTS-CN-F2F-2019-11-15-75 CDER = 0.151
CTS-CN-F2F-2019-11-15-77 CDER = 0.421
CTS-CN-F2F-2019-11-15-81 CDER = 0.241
CTS-CN-F2F-2019-11-15-82 CDER = 0.054
CTS-CN-F2F-2019-11-15-88 CDER = 0.182
CTS-CN-F2F-2019-11-15-91 CDER = 0.251
CTS-CN-F2F-2019-11-15-94 CDER = 0.382
CTS-CN-F2F-2019-11-15-100 CDER = 0.068
CTS-CN-F2F-2019-11-15-101 CDER = 0.232
CTS-CN-F2F-2019-11-15-105 CDER = 0.600
CTS-CN-F2F-2019-11-15-121 CDER = 0.193
CTS-CN-F2F-2019-11-15-123 CDER = 1.559
CTS-CN-F2F-2019-11-15-126 CDER = 0.071
CTS-CN-F2F-2019-11-15-128 CDER = 0.261
CTS-CN-F2F-2019-11-15-135 CDER = 0.235
CTS-CN-F2F-2019-11-15-138 CDER = 0.208
CTS-CN-F2F-2019-11-15-142 CDER = 0.247
CTS-CN-F2F-2019-11-15-144 CDER = 0.643
CTS-CN-F2F-2019-11-15-150 CDER = 0.192
CTS-CN-F2F-2019-11-15-151 CDER = 0.399
CTS-CN-F2F-2019-11-15-153 CDER = 0.246
Avg CDER : 0.310
compute CDER on 0.0 mode in test dataset at 0.35 threshold
CTS-CN-F2F-2019-11-04-387 CDER = 0.490
CTS-CN-F2F-2019-11-11-193 CDER = 0.185
CTS-CN-F2F-2019-11-11-198 CDER = 0.171
CTS-CN-F2F-2019-11-11-390 CDER = 0.559
CTS-CN-F2F-2019-11-11-423 CDER = 0.067
CTS-CN-F2F-2019-11-11-431 CDER = 0.667
CTS-CN-F2F-2019-11-11-716 CDER = 0.115
CTS-CN-F2F-2019-11-15-3 CDER = 0.132
CTS-CN-F2F-2019-11-15-8 CDER = 0.852
CTS-CN-F2F-2019-11-15-9 CDER = 0.361
CTS-CN-F2F-2019-11-15-17 CDER = 0.312
CTS-CN-F2F-2019-11-15-26 CDER = 0.114
CTS-CN-F2F-2019-11-15-27 CDER = 0.164
CTS-CN-F2F-2019-11-15-37 CDER = 0.133
CTS-CN-F2F-2019-11-15-39 CDER = 0.051
CTS-CN-F2F-2019-11-15-45 CDER = 0.214
CTS-CN-F2F-2019-11-15-52 CDER = 0.185
CTS-CN-F2F-2019-11-15-53 CDER = 0.062
CTS-CN-F2F-2019-11-15-56 CDER = 0.225
CTS-CN-F2F-2019-11-15-65 CDER = 0.227
CTS-CN-F2F-2019-11-15-68 CDER = 0.110
CTS-CN-F2F-2019-11-15-73 CDER = 0.078
CTS-CN-F2F-2019-11-15-75 CDER = 0.094
CTS-CN-F2F-2019-11-15-77 CDER = 0.316
CTS-CN-F2F-2019-11-15-81 CDER = 0.227
CTS-CN-F2F-2019-11-15-82 CDER = 0.054
CTS-CN-F2F-2019-11-15-88 CDER = 0.165
CTS-CN-F2F-2019-11-15-91 CDER = 0.221
CTS-CN-F2F-2019-11-15-94 CDER = 0.318
CTS-CN-F2F-2019-11-15-100 CDER = 0.038
CTS-CN-F2F-2019-11-15-101 CDER = 0.208
CTS-CN-F2F-2019-11-15-105 CDER = 0.600
CTS-CN-F2F-2019-11-15-121 CDER = 0.170
CTS-CN-F2F-2019-11-15-123 CDER = 1.390
CTS-CN-F2F-2019-11-15-126 CDER = 0.046
CTS-CN-F2F-2019-11-15-128 CDER = 0.255
CTS-CN-F2F-2019-11-15-135 CDER = 0.163
CTS-CN-F2F-2019-11-15-138 CDER = 0.169
CTS-CN-F2F-2019-11-15-142 CDER = 0.227
CTS-CN-F2F-2019-11-15-144 CDER = 0.604
CTS-CN-F2F-2019-11-15-150 CDER = 0.162
CTS-CN-F2F-2019-11-15-151 CDER = 0.332
CTS-CN-F2F-2019-11-15-153 CDER = 0.231
Avg CDER : 0.267
compute CDER on 0.0 mode in test dataset at 0.4 threshold
CTS-CN-F2F-2019-11-04-387 CDER = 0.439
CTS-CN-F2F-2019-11-11-193 CDER = 0.123
CTS-CN-F2F-2019-11-11-198 CDER = 0.158
CTS-CN-F2F-2019-11-11-390 CDER = 0.460
CTS-CN-F2F-2019-11-11-423 CDER = 0.081
CTS-CN-F2F-2019-11-11-431 CDER = 0.458
CTS-CN-F2F-2019-11-11-716 CDER = 0.058
CTS-CN-F2F-2019-11-15-3 CDER = 0.108
CTS-CN-F2F-2019-11-15-8 CDER = 0.820
CTS-CN-F2F-2019-11-15-9 CDER = 0.340
CTS-CN-F2F-2019-11-15-17 CDER = 0.300
CTS-CN-F2F-2019-11-15-26 CDER = 0.111
CTS-CN-F2F-2019-11-15-27 CDER = 0.144
CTS-CN-F2F-2019-11-15-37 CDER = 0.111
CTS-CN-F2F-2019-11-15-39 CDER = 0.033
CTS-CN-F2F-2019-11-15-45 CDER = 0.181
CTS-CN-F2F-2019-11-15-52 CDER = 0.171
CTS-CN-F2F-2019-11-15-53 CDER = 0.058
CTS-CN-F2F-2019-11-15-56 CDER = 0.194
CTS-CN-F2F-2019-11-15-65 CDER = 0.187
CTS-CN-F2F-2019-11-15-68 CDER = 0.097
CTS-CN-F2F-2019-11-15-73 CDER = 0.026
CTS-CN-F2F-2019-11-15-75 CDER = 0.038
CTS-CN-F2F-2019-11-15-77 CDER = 0.158
CTS-CN-F2F-2019-11-15-81 CDER = 0.205
CTS-CN-F2F-2019-11-15-82 CDER = 0.054
CTS-CN-F2F-2019-11-15-88 CDER = 0.119
CTS-CN-F2F-2019-11-15-91 CDER = 0.187
CTS-CN-F2F-2019-11-15-94 CDER = 0.263
CTS-CN-F2F-2019-11-15-100 CDER = 0.038
CTS-CN-F2F-2019-11-15-101 CDER = 0.159
CTS-CN-F2F-2019-11-15-105 CDER = 0.600
CTS-CN-F2F-2019-11-15-121 CDER = 0.136
CTS-CN-F2F-2019-11-15-123 CDER = 1.154
CTS-CN-F2F-2019-11-15-126 CDER = 0.030
CTS-CN-F2F-2019-11-15-128 CDER = 0.220
CTS-CN-F2F-2019-11-15-135 CDER = 0.132
CTS-CN-F2F-2019-11-15-138 CDER = 0.152
CTS-CN-F2F-2019-11-15-142 CDER = 0.210
CTS-CN-F2F-2019-11-15-144 CDER = 0.559
CTS-CN-F2F-2019-11-15-150 CDER = 0.111
CTS-CN-F2F-2019-11-15-151 CDER = 0.253
CTS-CN-F2F-2019-11-15-153 CDER = 0.223
Avg CDER : 0.225
compute CDER on 0.0 mode in test dataset at 0.45 threshold
CTS-CN-F2F-2019-11-04-387 CDER = 0.355
CTS-CN-F2F-2019-11-11-193 CDER = 0.092
CTS-CN-F2F-2019-11-11-198 CDER = 0.105
CTS-CN-F2F-2019-11-11-390 CDER = 0.411
CTS-CN-F2F-2019-11-11-423 CDER = 0.059
CTS-CN-F2F-2019-11-11-431 CDER = 0.333
CTS-CN-F2F-2019-11-11-716 CDER = 0.058
CTS-CN-F2F-2019-11-15-3 CDER = 0.097
CTS-CN-F2F-2019-11-15-8 CDER = 0.803
CTS-CN-F2F-2019-11-15-9 CDER = 0.299
CTS-CN-F2F-2019-11-15-17 CDER = 0.280
CTS-CN-F2F-2019-11-15-26 CDER = 0.111
CTS-CN-F2F-2019-11-15-27 CDER = 0.115
CTS-CN-F2F-2019-11-15-37 CDER = 0.111
CTS-CN-F2F-2019-11-15-39 CDER = 0.026
CTS-CN-F2F-2019-11-15-45 CDER = 0.136
CTS-CN-F2F-2019-11-15-52 CDER = 0.140
CTS-CN-F2F-2019-11-15-53 CDER = 0.056
CTS-CN-F2F-2019-11-15-56 CDER = 0.154
CTS-CN-F2F-2019-11-15-65 CDER = 0.169
CTS-CN-F2F-2019-11-15-68 CDER = 0.068
CTS-CN-F2F-2019-11-15-73 CDER = 0.000
CTS-CN-F2F-2019-11-15-75 CDER = 0.038
CTS-CN-F2F-2019-11-15-77 CDER = 0.000
CTS-CN-F2F-2019-11-15-81 CDER = 0.171
CTS-CN-F2F-2019-11-15-82 CDER = 0.000
CTS-CN-F2F-2019-11-15-88 CDER = 0.108
CTS-CN-F2F-2019-11-15-91 CDER = 0.173
CTS-CN-F2F-2019-11-15-94 CDER = 0.206
CTS-CN-F2F-2019-11-15-100 CDER = 0.030
CTS-CN-F2F-2019-11-15-101 CDER = 0.122
CTS-CN-F2F-2019-11-15-105 CDER = 0.600
CTS-CN-F2F-2019-11-15-121 CDER = 0.091
CTS-CN-F2F-2019-11-15-123 CDER = 1.138
CTS-CN-F2F-2019-11-15-126 CDER = 0.041
CTS-CN-F2F-2019-11-15-128 CDER = 0.153
CTS-CN-F2F-2019-11-15-135 CDER = 0.119
CTS-CN-F2F-2019-11-15-138 CDER = 0.132
CTS-CN-F2F-2019-11-15-142 CDER = 0.197
CTS-CN-F2F-2019-11-15-144 CDER = 0.534
CTS-CN-F2F-2019-11-15-150 CDER = 0.111
CTS-CN-F2F-2019-11-15-151 CDER = 0.215
CTS-CN-F2F-2019-11-15-153 CDER = 0.162
Avg CDER : 0.193
compute CDER on 0.0 mode in test dataset at 0.5 threshold
CTS-CN-F2F-2019-11-04-387 CDER = 0.293
CTS-CN-F2F-2019-11-11-193 CDER = 0.062
CTS-CN-F2F-2019-11-11-198 CDER = 0.066
CTS-CN-F2F-2019-11-11-390 CDER = 0.277
CTS-CN-F2F-2019-11-11-423 CDER = 0.052
CTS-CN-F2F-2019-11-11-431 CDER = 0.229
CTS-CN-F2F-2019-11-11-716 CDER = 0.058
CTS-CN-F2F-2019-11-15-3 CDER = 0.069
CTS-CN-F2F-2019-11-15-8 CDER = 0.672
CTS-CN-F2F-2019-11-15-9 CDER = 0.211
CTS-CN-F2F-2019-11-15-17 CDER = 0.271
CTS-CN-F2F-2019-11-15-26 CDER = 0.086
CTS-CN-F2F-2019-11-15-27 CDER = 0.095
CTS-CN-F2F-2019-11-15-37 CDER = 0.089
CTS-CN-F2F-2019-11-15-39 CDER = 0.018
CTS-CN-F2F-2019-11-15-45 CDER = 0.121
CTS-CN-F2F-2019-11-15-52 CDER = 0.094
CTS-CN-F2F-2019-11-15-53 CDER = 0.062
CTS-CN-F2F-2019-11-15-56 CDER = 0.140
CTS-CN-F2F-2019-11-15-65 CDER = 0.143
CTS-CN-F2F-2019-11-15-68 CDER = 0.046
CTS-CN-F2F-2019-11-15-73 CDER = 0.000
CTS-CN-F2F-2019-11-15-75 CDER = 0.019
CTS-CN-F2F-2019-11-15-77 CDER = 0.000
CTS-CN-F2F-2019-11-15-81 CDER = 0.159
CTS-CN-F2F-2019-11-15-82 CDER = 0.000
CTS-CN-F2F-2019-11-15-88 CDER = 0.091
CTS-CN-F2F-2019-11-15-91 CDER = 0.165
CTS-CN-F2F-2019-11-15-94 CDER = 0.164
CTS-CN-F2F-2019-11-15-100 CDER = 0.023
CTS-CN-F2F-2019-11-15-101 CDER = 0.098
CTS-CN-F2F-2019-11-15-105 CDER = 0.600
CTS-CN-F2F-2019-11-15-121 CDER = 0.045
CTS-CN-F2F-2019-11-15-123 CDER = 0.634
CTS-CN-F2F-2019-11-15-126 CDER = 0.025
CTS-CN-F2F-2019-11-15-128 CDER = 0.134
CTS-CN-F2F-2019-11-15-135 CDER = 0.121
CTS-CN-F2F-2019-11-15-138 CDER = 0.107
CTS-CN-F2F-2019-11-15-142 CDER = 0.192
CTS-CN-F2F-2019-11-15-144 CDER = 0.491
CTS-CN-F2F-2019-11-15-150 CDER = 0.111
CTS-CN-F2F-2019-11-15-151 CDER = 0.173
CTS-CN-F2F-2019-11-15-153 CDER = 0.138
Avg CDER : 0.155
compute CDER on 0.0 mode in test dataset at 0.55 threshold
CTS-CN-F2F-2019-11-04-387 CDER = 0.237
CTS-CN-F2F-2019-11-11-193 CDER = 0.062
CTS-CN-F2F-2019-11-11-198 CDER = 0.066
CTS-CN-F2F-2019-11-11-390 CDER = 0.223
CTS-CN-F2F-2019-11-11-423 CDER = 0.037
CTS-CN-F2F-2019-11-11-431 CDER = 0.146
CTS-CN-F2F-2019-11-11-716 CDER = 0.038
CTS-CN-F2F-2019-11-15-3 CDER = 0.056
CTS-CN-F2F-2019-11-15-8 CDER = 0.443
CTS-CN-F2F-2019-11-15-9 CDER = 0.197
CTS-CN-F2F-2019-11-15-17 CDER = 0.235
CTS-CN-F2F-2019-11-15-26 CDER = 0.077
CTS-CN-F2F-2019-11-15-27 CDER = 0.092
CTS-CN-F2F-2019-11-15-37 CDER = 0.089
CTS-CN-F2F-2019-11-15-39 CDER = 0.015
CTS-CN-F2F-2019-11-15-45 CDER = 0.126
CTS-CN-F2F-2019-11-15-52 CDER = 0.073
CTS-CN-F2F-2019-11-15-53 CDER = 0.050
CTS-CN-F2F-2019-11-15-56 CDER = 0.119
CTS-CN-F2F-2019-11-15-65 CDER = 0.133
CTS-CN-F2F-2019-11-15-68 CDER = 0.059
CTS-CN-F2F-2019-11-15-73 CDER = 0.000
CTS-CN-F2F-2019-11-15-75 CDER = 0.009
CTS-CN-F2F-2019-11-15-77 CDER = 0.000
CTS-CN-F2F-2019-11-15-81 CDER = 0.143
CTS-CN-F2F-2019-11-15-82 CDER = 0.000
CTS-CN-F2F-2019-11-15-88 CDER = 0.080
CTS-CN-F2F-2019-11-15-91 CDER = 0.168
CTS-CN-F2F-2019-11-15-94 CDER = 0.136
CTS-CN-F2F-2019-11-15-100 CDER = 0.023
CTS-CN-F2F-2019-11-15-101 CDER = 0.076
CTS-CN-F2F-2019-11-15-105 CDER = 0.600
CTS-CN-F2F-2019-11-15-121 CDER = 0.023
CTS-CN-F2F-2019-11-15-123 CDER = 0.303
CTS-CN-F2F-2019-11-15-126 CDER = 0.025
CTS-CN-F2F-2019-11-15-128 CDER = 0.102
CTS-CN-F2F-2019-11-15-135 CDER = 0.145
CTS-CN-F2F-2019-11-15-138 CDER = 0.110
CTS-CN-F2F-2019-11-15-142 CDER = 0.177
CTS-CN-F2F-2019-11-15-144 CDER = 0.457
CTS-CN-F2F-2019-11-15-150 CDER = 0.101
CTS-CN-F2F-2019-11-15-151 CDER = 0.133
CTS-CN-F2F-2019-11-15-153 CDER = 0.085
Avg CDER : 0.127
compute CDER on 0.0 mode in test dataset at 0.6 threshold
CTS-CN-F2F-2019-11-04-387 CDER = 0.223
CTS-CN-F2F-2019-11-11-193 CDER = 0.046
CTS-CN-F2F-2019-11-11-198 CDER = 0.066
CTS-CN-F2F-2019-11-11-390 CDER = 0.193
CTS-CN-F2F-2019-11-11-423 CDER = 0.044
CTS-CN-F2F-2019-11-11-431 CDER = 0.083
CTS-CN-F2F-2019-11-11-716 CDER = 0.038
CTS-CN-F2F-2019-11-15-3 CDER = 0.049
CTS-CN-F2F-2019-11-15-8 CDER = 0.377
CTS-CN-F2F-2019-11-15-9 CDER = 0.177
CTS-CN-F2F-2019-11-15-17 CDER = 0.225
CTS-CN-F2F-2019-11-15-26 CDER = 0.074
CTS-CN-F2F-2019-11-15-27 CDER = 0.085
CTS-CN-F2F-2019-11-15-37 CDER = 0.089
CTS-CN-F2F-2019-11-15-39 CDER = 0.018
CTS-CN-F2F-2019-11-15-45 CDER = 0.114
CTS-CN-F2F-2019-11-15-52 CDER = 0.056
CTS-CN-F2F-2019-11-15-53 CDER = 0.052
CTS-CN-F2F-2019-11-15-56 CDER = 0.112
CTS-CN-F2F-2019-11-15-65 CDER = 0.131
CTS-CN-F2F-2019-11-15-68 CDER = 0.072
CTS-CN-F2F-2019-11-15-73 CDER = 0.013
CTS-CN-F2F-2019-11-15-75 CDER = 0.009
CTS-CN-F2F-2019-11-15-77 CDER = 0.000
CTS-CN-F2F-2019-11-15-81 CDER = 0.131
CTS-CN-F2F-2019-11-15-82 CDER = 0.000
CTS-CN-F2F-2019-11-15-88 CDER = 0.074
CTS-CN-F2F-2019-11-15-91 CDER = 0.151
CTS-CN-F2F-2019-11-15-94 CDER = 0.119
CTS-CN-F2F-2019-11-15-100 CDER = 0.023
CTS-CN-F2F-2019-11-15-101 CDER = 0.067
CTS-CN-F2F-2019-11-15-105 CDER = 0.400
CTS-CN-F2F-2019-11-15-121 CDER = 0.023
CTS-CN-F2F-2019-11-15-123 CDER = 0.165
CTS-CN-F2F-2019-11-15-126 CDER = 0.025
CTS-CN-F2F-2019-11-15-128 CDER = 0.086
CTS-CN-F2F-2019-11-15-135 CDER = 0.150
CTS-CN-F2F-2019-11-15-138 CDER = 0.085
CTS-CN-F2F-2019-11-15-142 CDER = 0.175
CTS-CN-F2F-2019-11-15-144 CDER = 0.448
CTS-CN-F2F-2019-11-15-150 CDER = 0.091
CTS-CN-F2F-2019-11-15-151 CDER = 0.122
CTS-CN-F2F-2019-11-15-153 CDER = 0.085
Avg CDER : 0.111
compute CDER on 0.0 mode in test dataset at 0.7 threshold
CTS-CN-F2F-2019-11-04-387 CDER = 0.192
CTS-CN-F2F-2019-11-11-193 CDER = 0.046
CTS-CN-F2F-2019-11-11-198 CDER = 0.053
CTS-CN-F2F-2019-11-11-390 CDER = 0.153
CTS-CN-F2F-2019-11-11-423 CDER = 0.044
CTS-CN-F2F-2019-11-11-431 CDER = 0.104
CTS-CN-F2F-2019-11-11-716 CDER = 0.058
CTS-CN-F2F-2019-11-15-3 CDER = 0.052
CTS-CN-F2F-2019-11-15-8 CDER = 0.262
CTS-CN-F2F-2019-11-15-9 CDER = 0.156
CTS-CN-F2F-2019-11-15-17 CDER = 0.187
CTS-CN-F2F-2019-11-15-26 CDER = 0.068
CTS-CN-F2F-2019-11-15-27 CDER = 0.069
CTS-CN-F2F-2019-11-15-37 CDER = 0.089
CTS-CN-F2F-2019-11-15-39 CDER = 0.018
CTS-CN-F2F-2019-11-15-45 CDER = 0.107
CTS-CN-F2F-2019-11-15-52 CDER = 0.038
CTS-CN-F2F-2019-11-15-53 CDER = 0.050
CTS-CN-F2F-2019-11-15-56 CDER = 0.096
CTS-CN-F2F-2019-11-15-65 CDER = 0.109
CTS-CN-F2F-2019-11-15-68 CDER = 0.084
CTS-CN-F2F-2019-11-15-73 CDER = 0.000
CTS-CN-F2F-2019-11-15-75 CDER = 0.009
CTS-CN-F2F-2019-11-15-77 CDER = 0.000
CTS-CN-F2F-2019-11-15-81 CDER = 0.112
CTS-CN-F2F-2019-11-15-82 CDER = 0.000
CTS-CN-F2F-2019-11-15-88 CDER = 0.068
CTS-CN-F2F-2019-11-15-91 CDER = 0.148
CTS-CN-F2F-2019-11-15-94 CDER = 0.125
CTS-CN-F2F-2019-11-15-100 CDER = 0.000
CTS-CN-F2F-2019-11-15-101 CDER = 0.073
CTS-CN-F2F-2019-11-15-105 CDER = 0.400
CTS-CN-F2F-2019-11-15-121 CDER = 0.000
CTS-CN-F2F-2019-11-15-123 CDER = 1.020
CTS-CN-F2F-2019-11-15-126 CDER = 0.025
CTS-CN-F2F-2019-11-15-128 CDER = 0.086
CTS-CN-F2F-2019-11-15-135 CDER = 0.147
CTS-CN-F2F-2019-11-15-138 CDER = 0.056
CTS-CN-F2F-2019-11-15-142 CDER = 0.170
CTS-CN-F2F-2019-11-15-144 CDER = 0.400
CTS-CN-F2F-2019-11-15-150 CDER = 0.071
CTS-CN-F2F-2019-11-15-151 CDER = 0.112
CTS-CN-F2F-2019-11-15-153 CDER = 0.077
Avg CDER : 0.119
compute CDER on 0.0 mode in test dataset at 0.8 threshold
CTS-CN-F2F-2019-11-04-387 CDER = 0.180
CTS-CN-F2F-2019-11-11-193 CDER = 0.015
CTS-CN-F2F-2019-11-11-198 CDER = 0.079
CTS-CN-F2F-2019-11-11-390 CDER = 0.124
CTS-CN-F2F-2019-11-11-423 CDER = 0.059
CTS-CN-F2F-2019-11-11-431 CDER = 0.083
CTS-CN-F2F-2019-11-11-716 CDER = 0.019
CTS-CN-F2F-2019-11-15-3 CDER = 0.062
CTS-CN-F2F-2019-11-15-8 CDER = 0.246
CTS-CN-F2F-2019-11-15-9 CDER = 0.170
CTS-CN-F2F-2019-11-15-17 CDER = 0.158
CTS-CN-F2F-2019-11-15-26 CDER = 0.062
CTS-CN-F2F-2019-11-15-27 CDER = 0.059
CTS-CN-F2F-2019-11-15-37 CDER = 0.000
CTS-CN-F2F-2019-11-15-39 CDER = 0.026
CTS-CN-F2F-2019-11-15-45 CDER = 0.111
CTS-CN-F2F-2019-11-15-52 CDER = 0.035
CTS-CN-F2F-2019-11-15-53 CDER = 0.050
CTS-CN-F2F-2019-11-15-56 CDER = 0.079
CTS-CN-F2F-2019-11-15-65 CDER = 0.105
CTS-CN-F2F-2019-11-15-68 CDER = 0.097
CTS-CN-F2F-2019-11-15-73 CDER = 0.000
CTS-CN-F2F-2019-11-15-75 CDER = 0.028
CTS-CN-F2F-2019-11-15-77 CDER = 0.000
CTS-CN-F2F-2019-11-15-81 CDER = 0.094
CTS-CN-F2F-2019-11-15-82 CDER = 0.000
CTS-CN-F2F-2019-11-15-88 CDER = 0.045
CTS-CN-F2F-2019-11-15-91 CDER = 0.127
CTS-CN-F2F-2019-11-15-94 CDER = 0.121
CTS-CN-F2F-2019-11-15-100 CDER = 0.000
CTS-CN-F2F-2019-11-15-101 CDER = 0.083
CTS-CN-F2F-2019-11-15-105 CDER = 0.000
CTS-CN-F2F-2019-11-15-121 CDER = 0.000
CTS-CN-F2F-2019-11-15-123 CDER = 1.004
CTS-CN-F2F-2019-11-15-126 CDER = 0.025
CTS-CN-F2F-2019-11-15-128 CDER = 0.080
CTS-CN-F2F-2019-11-15-135 CDER = 0.121
CTS-CN-F2F-2019-11-15-138 CDER = 0.082
CTS-CN-F2F-2019-11-15-142 CDER = 0.167
CTS-CN-F2F-2019-11-15-144 CDER = 0.380
CTS-CN-F2F-2019-11-15-150 CDER = 0.071
CTS-CN-F2F-2019-11-15-151 CDER = 0.104
CTS-CN-F2F-2019-11-15-153 CDER = 0.092
Avg CDER : 0.103
compute CDER on 0.0 mode in test dataset at 0.9 threshold
CTS-CN-F2F-2019-11-04-387 CDER = 0.175
CTS-CN-F2F-2019-11-11-193 CDER = 0.031
CTS-CN-F2F-2019-11-11-198 CDER = 0.079
CTS-CN-F2F-2019-11-11-390 CDER = 0.139
CTS-CN-F2F-2019-11-11-423 CDER = 0.059
CTS-CN-F2F-2019-11-11-431 CDER = 0.083
CTS-CN-F2F-2019-11-11-716 CDER = 0.019
CTS-CN-F2F-2019-11-15-3 CDER = 0.069
CTS-CN-F2F-2019-11-15-8 CDER = 0.180
CTS-CN-F2F-2019-11-15-9 CDER = 0.218
CTS-CN-F2F-2019-11-15-17 CDER = 0.149
CTS-CN-F2F-2019-11-15-26 CDER = 0.068
CTS-CN-F2F-2019-11-15-27 CDER = 0.043
CTS-CN-F2F-2019-11-15-37 CDER = 0.000
CTS-CN-F2F-2019-11-15-39 CDER = 0.040
CTS-CN-F2F-2019-11-15-45 CDER = 0.116
CTS-CN-F2F-2019-11-15-52 CDER = 0.031
CTS-CN-F2F-2019-11-15-53 CDER = 0.068
CTS-CN-F2F-2019-11-15-56 CDER = 0.069
CTS-CN-F2F-2019-11-15-65 CDER = 0.117
CTS-CN-F2F-2019-11-15-68 CDER = 0.093
CTS-CN-F2F-2019-11-15-73 CDER = 0.000
CTS-CN-F2F-2019-11-15-75 CDER = 0.009
CTS-CN-F2F-2019-11-15-77 CDER = 0.000
CTS-CN-F2F-2019-11-15-81 CDER = 0.114
CTS-CN-F2F-2019-11-15-82 CDER = 0.000
CTS-CN-F2F-2019-11-15-88 CDER = 0.045
CTS-CN-F2F-2019-11-15-91 CDER = 0.148
CTS-CN-F2F-2019-11-15-94 CDER = 0.151
CTS-CN-F2F-2019-11-15-100 CDER = 0.008
CTS-CN-F2F-2019-11-15-101 CDER = 0.098
CTS-CN-F2F-2019-11-15-105 CDER = 0.000
CTS-CN-F2F-2019-11-15-121 CDER = 0.045
CTS-CN-F2F-2019-11-15-123 CDER = 1.004
CTS-CN-F2F-2019-11-15-126 CDER = 0.020
CTS-CN-F2F-2019-11-15-128 CDER = 0.070
CTS-CN-F2F-2019-11-15-135 CDER = 0.101
CTS-CN-F2F-2019-11-15-138 CDER = 0.107
CTS-CN-F2F-2019-11-15-142 CDER = 0.164
CTS-CN-F2F-2019-11-15-144 CDER = 0.292
CTS-CN-F2F-2019-11-15-150 CDER = 0.071
CTS-CN-F2F-2019-11-15-151 CDER = 0.109
CTS-CN-F2F-2019-11-15-153 CDER = 0.062
Avg CDER : 0.104
compute CDER on 0.0 mode in cssd_testset dataset at 0.2 threshold
CTS-CN-F2F-2017-11-14_85 CDER = 0.184
CTS-CN-F2F-2017-11-14_87 CDER = 0.182
CTS-CN-F2F-2017-11-14_88 CDER = 0.145
CTS-CN-F2F-2017-11-29_109 CDER = 0.306
CTS-CN-F2F-2017-12-15_412 CDER = 0.140
CTS-CN-F2F-2017-12-15_438 CDER = 0.177
CTS-CN-F2F-2017-12-15_440 CDER = 0.139
CTS-CN-F2F-2017-12-20_70 CDER = 0.273
CTS-CN-F2F-2018-04-16_545 CDER = 0.306
CTS-CN-F2F-2018-04-16_560 CDER = 0.158
CTS-CN-F2F-2018-04-16_563 CDER = 0.170
CTS-CN-F2F-2018-04-16_615 CDER = 0.276
CTS-CN-F2F-2018-04-16_699 CDER = 0.850
CTS-CN-F2F-2018-04-16_700 CDER = 0.503
CTS-CN-F2F-2018-04-16_703 CDER = 0.540
CTS-CN-F2F-2018-04-16_716 CDER = 0.222
CTS-CN-F2F-2018-04-16_723 CDER = 0.185
CTS-CN-F2F-2018-04-16_726 CDER = 0.753
CTS-CN-F2F-2018-04-16_757 CDER = 0.322
CTS-CN-F2F-2018-04-16_763 CDER = 0.153
CTS-CN-F2F-2018-04-23_507 CDER = 0.351
CTS-CN-F2F-2018-04-23_620 CDER = 0.404
CTS-CN-F2F-2018-05-08_110 CDER = 0.107
CTS-CN-F2F-2018-05-08_236 CDER = 0.139
CTS-CN-F2F-2018-05-08_469 CDER = 0.141
CTS-CN-F2F-2018-05-08_470 CDER = 0.369
CTS-CN-F2F-2018-05-08_471 CDER = 0.154
CTS-CN-F2F-2018-05-08_472 CDER = 0.149
CTS-CN-F2F-2018-05-08_712 CDER = 0.295
CTS-CN-F2F-2018-05-08_713 CDER = 0.257
CTS-CN-F2F-2018-05-08_776 CDER = 0.202
CTS-CN-F2F-2018-05-08_777 CDER = 0.210
CTS-CN-F2F-2018-05-08_779 CDER = 0.323
CTS-CN-F2F-2018-05-08_782 CDER = 0.212
CTS-CN-F2F-2018-05-08_799 CDER = 0.244
CTS-CN-F2F-2018-05-08_825 CDER = 0.381
CTS-CN-F2F-2018-05-08_909 CDER = 0.180
CTS-CN-F2F-2018-05-08_948 CDER = 0.197
CTS-CN-F2F-2018-05-08_949 CDER = 0.163
CTS-CN-F2F-2018-05-08_950 CDER = 0.492
Avg CDER : 0.274
compute CDER on 0.0 mode in cssd_testset dataset at 0.3 threshold
CTS-CN-F2F-2017-11-14_85 CDER = 0.142
CTS-CN-F2F-2017-11-14_87 CDER = 0.137
CTS-CN-F2F-2017-11-14_88 CDER = 0.125
CTS-CN-F2F-2017-11-29_109 CDER = 0.190
CTS-CN-F2F-2017-12-15_412 CDER = 0.121
CTS-CN-F2F-2017-12-15_438 CDER = 0.130
CTS-CN-F2F-2017-12-15_440 CDER = 0.118
CTS-CN-F2F-2017-12-20_70 CDER = 0.236
CTS-CN-F2F-2018-04-16_545 CDER = 0.200
CTS-CN-F2F-2018-04-16_560 CDER = 0.134
CTS-CN-F2F-2018-04-16_563 CDER = 0.142
CTS-CN-F2F-2018-04-16_615 CDER = 0.194
CTS-CN-F2F-2018-04-16_699 CDER = 0.730
CTS-CN-F2F-2018-04-16_700 CDER = 0.385
CTS-CN-F2F-2018-04-16_703 CDER = 0.416
CTS-CN-F2F-2018-04-16_716 CDER = 0.172
CTS-CN-F2F-2018-04-16_723 CDER = 0.140
CTS-CN-F2F-2018-04-16_726 CDER = 0.561
CTS-CN-F2F-2018-04-16_757 CDER = 0.203
CTS-CN-F2F-2018-04-16_763 CDER = 0.121
CTS-CN-F2F-2018-04-23_507 CDER = 0.308
CTS-CN-F2F-2018-04-23_620 CDER = 0.324
CTS-CN-F2F-2018-05-08_110 CDER = 0.061
CTS-CN-F2F-2018-05-08_236 CDER = 0.120
CTS-CN-F2F-2018-05-08_469 CDER = 0.129
CTS-CN-F2F-2018-05-08_470 CDER = 0.282
CTS-CN-F2F-2018-05-08_471 CDER = 0.118
CTS-CN-F2F-2018-05-08_472 CDER = 0.115
CTS-CN-F2F-2018-05-08_712 CDER = 0.207
CTS-CN-F2F-2018-05-08_713 CDER = 0.171
CTS-CN-F2F-2018-05-08_776 CDER = 0.162
CTS-CN-F2F-2018-05-08_777 CDER = 0.165
CTS-CN-F2F-2018-05-08_779 CDER = 0.248
CTS-CN-F2F-2018-05-08_782 CDER = 0.158
CTS-CN-F2F-2018-05-08_799 CDER = 0.167
CTS-CN-F2F-2018-05-08_825 CDER = 0.237
CTS-CN-F2F-2018-05-08_909 CDER = 0.155
CTS-CN-F2F-2018-05-08_948 CDER = 0.148
CTS-CN-F2F-2018-05-08_949 CDER = 0.123
CTS-CN-F2F-2018-05-08_950 CDER = 0.340
Avg CDER : 0.208
compute CDER on 0.0 mode in cssd_testset dataset at 0.35 threshold
CTS-CN-F2F-2017-11-14_85 CDER = 0.115
CTS-CN-F2F-2017-11-14_87 CDER = 0.120
CTS-CN-F2F-2017-11-14_88 CDER = 0.116
CTS-CN-F2F-2017-11-29_109 CDER = 0.160
CTS-CN-F2F-2017-12-15_412 CDER = 0.115
CTS-CN-F2F-2017-12-15_438 CDER = 0.114
CTS-CN-F2F-2017-12-15_440 CDER = 0.108
CTS-CN-F2F-2017-12-20_70 CDER = 0.205
CTS-CN-F2F-2018-04-16_545 CDER = 0.169
CTS-CN-F2F-2018-04-16_560 CDER = 0.114
CTS-CN-F2F-2018-04-16_563 CDER = 0.125
CTS-CN-F2F-2018-04-16_615 CDER = 0.157
CTS-CN-F2F-2018-04-16_699 CDER = 0.582
CTS-CN-F2F-2018-04-16_700 CDER = 0.332
CTS-CN-F2F-2018-04-16_703 CDER = 0.347
CTS-CN-F2F-2018-04-16_716 CDER = 0.151
CTS-CN-F2F-2018-04-16_723 CDER = 0.118
CTS-CN-F2F-2018-04-16_726 CDER = 0.405
CTS-CN-F2F-2018-04-16_757 CDER = 0.157
CTS-CN-F2F-2018-04-16_763 CDER = 0.112
CTS-CN-F2F-2018-04-23_507 CDER = 0.287
CTS-CN-F2F-2018-04-23_620 CDER = 0.298
CTS-CN-F2F-2018-05-08_110 CDER = 0.049
CTS-CN-F2F-2018-05-08_236 CDER = 0.097
CTS-CN-F2F-2018-05-08_469 CDER = 0.115
CTS-CN-F2F-2018-05-08_470 CDER = 0.232
CTS-CN-F2F-2018-05-08_471 CDER = 0.110
CTS-CN-F2F-2018-05-08_472 CDER = 0.108
CTS-CN-F2F-2018-05-08_712 CDER = 0.169
CTS-CN-F2F-2018-05-08_713 CDER = 0.156
CTS-CN-F2F-2018-05-08_776 CDER = 0.144
CTS-CN-F2F-2018-05-08_777 CDER = 0.151
CTS-CN-F2F-2018-05-08_779 CDER = 0.230
CTS-CN-F2F-2018-05-08_782 CDER = 0.138
CTS-CN-F2F-2018-05-08_799 CDER = 0.148
CTS-CN-F2F-2018-05-08_825 CDER = 0.181
CTS-CN-F2F-2018-05-08_909 CDER = 0.164
CTS-CN-F2F-2018-05-08_948 CDER = 0.130
CTS-CN-F2F-2018-05-08_949 CDER = 0.106
CTS-CN-F2F-2018-05-08_950 CDER = 0.289
Avg CDER : 0.178
compute CDER on 0.0 mode in cssd_testset dataset at 0.4 threshold
CTS-CN-F2F-2017-11-14_85 CDER = 0.100
CTS-CN-F2F-2017-11-14_87 CDER = 0.109
CTS-CN-F2F-2017-11-14_88 CDER = 0.100
CTS-CN-F2F-2017-11-29_109 CDER = 0.132
CTS-CN-F2F-2017-12-15_412 CDER = 0.108
CTS-CN-F2F-2017-12-15_438 CDER = 0.089
CTS-CN-F2F-2017-12-15_440 CDER = 0.099
CTS-CN-F2F-2017-12-20_70 CDER = 0.185
CTS-CN-F2F-2018-04-16_545 CDER = 0.131
CTS-CN-F2F-2018-04-16_560 CDER = 0.109
CTS-CN-F2F-2018-04-16_563 CDER = 0.116
CTS-CN-F2F-2018-04-16_615 CDER = 0.124
CTS-CN-F2F-2018-04-16_699 CDER = 0.401
CTS-CN-F2F-2018-04-16_700 CDER = 0.282
CTS-CN-F2F-2018-04-16_703 CDER = 0.265
CTS-CN-F2F-2018-04-16_716 CDER = 0.133
CTS-CN-F2F-2018-04-16_723 CDER = 0.109
CTS-CN-F2F-2018-04-16_726 CDER = 0.296
CTS-CN-F2F-2018-04-16_757 CDER = 0.119
CTS-CN-F2F-2018-04-16_763 CDER = 0.099
CTS-CN-F2F-2018-04-23_507 CDER = 0.262
CTS-CN-F2F-2018-04-23_620 CDER = 0.267
CTS-CN-F2F-2018-05-08_110 CDER = 0.046
CTS-CN-F2F-2018-05-08_236 CDER = 0.087
CTS-CN-F2F-2018-05-08_469 CDER = 0.105
CTS-CN-F2F-2018-05-08_470 CDER = 0.194
CTS-CN-F2F-2018-05-08_471 CDER = 0.103
CTS-CN-F2F-2018-05-08_472 CDER = 0.102
CTS-CN-F2F-2018-05-08_712 CDER = 0.143
CTS-CN-F2F-2018-05-08_713 CDER = 0.139
CTS-CN-F2F-2018-05-08_776 CDER = 0.138
CTS-CN-F2F-2018-05-08_777 CDER = 0.131
CTS-CN-F2F-2018-05-08_779 CDER = 0.184
CTS-CN-F2F-2018-05-08_782 CDER = 0.108
CTS-CN-F2F-2018-05-08_799 CDER = 0.148
CTS-CN-F2F-2018-05-08_825 CDER = 0.156
CTS-CN-F2F-2018-05-08_909 CDER = 0.163
CTS-CN-F2F-2018-05-08_948 CDER = 0.112
CTS-CN-F2F-2018-05-08_949 CDER = 0.089
CTS-CN-F2F-2018-05-08_950 CDER = 0.230
Avg CDER : 0.150
compute CDER on 0.0 mode in cssd_testset dataset at 0.45 threshold
CTS-CN-F2F-2017-11-14_85 CDER = 0.094
CTS-CN-F2F-2017-11-14_87 CDER = 0.094
CTS-CN-F2F-2017-11-14_88 CDER = 0.091
CTS-CN-F2F-2017-11-29_109 CDER = 0.124
CTS-CN-F2F-2017-12-15_412 CDER = 0.093
CTS-CN-F2F-2017-12-15_438 CDER = 0.085
CTS-CN-F2F-2017-12-15_440 CDER = 0.097
CTS-CN-F2F-2017-12-20_70 CDER = 0.168
CTS-CN-F2F-2018-04-16_545 CDER = 0.103
CTS-CN-F2F-2018-04-16_560 CDER = 0.099
CTS-CN-F2F-2018-04-16_563 CDER = 0.107
CTS-CN-F2F-2018-04-16_615 CDER = 0.109
CTS-CN-F2F-2018-04-16_699 CDER = 0.270
CTS-CN-F2F-2018-04-16_700 CDER = 0.231
CTS-CN-F2F-2018-04-16_703 CDER = 0.186
CTS-CN-F2F-2018-04-16_716 CDER = 0.113
CTS-CN-F2F-2018-04-16_723 CDER = 0.111
CTS-CN-F2F-2018-04-16_726 CDER = 0.188
CTS-CN-F2F-2018-04-16_757 CDER = 0.100
CTS-CN-F2F-2018-04-16_763 CDER = 0.086
CTS-CN-F2F-2018-04-23_507 CDER = 0.203
CTS-CN-F2F-2018-04-23_620 CDER = 0.237
CTS-CN-F2F-2018-05-08_110 CDER = 0.046
CTS-CN-F2F-2018-05-08_236 CDER = 0.088
CTS-CN-F2F-2018-05-08_469 CDER = 0.099
CTS-CN-F2F-2018-05-08_470 CDER = 0.169
CTS-CN-F2F-2018-05-08_471 CDER = 0.094
CTS-CN-F2F-2018-05-08_472 CDER = 0.098
CTS-CN-F2F-2018-05-08_712 CDER = 0.128
CTS-CN-F2F-2018-05-08_713 CDER = 0.124
CTS-CN-F2F-2018-05-08_776 CDER = 0.124
CTS-CN-F2F-2018-05-08_777 CDER = 0.110
CTS-CN-F2F-2018-05-08_779 CDER = 0.155
CTS-CN-F2F-2018-05-08_782 CDER = 0.106
CTS-CN-F2F-2018-05-08_799 CDER = 0.148
CTS-CN-F2F-2018-05-08_825 CDER = 0.122
CTS-CN-F2F-2018-05-08_909 CDER = 0.167
CTS-CN-F2F-2018-05-08_948 CDER = 0.091
CTS-CN-F2F-2018-05-08_949 CDER = 0.073
CTS-CN-F2F-2018-05-08_950 CDER = 0.204
Avg CDER : 0.128
compute CDER on 0.0 mode in cssd_testset dataset at 0.5 threshold
CTS-CN-F2F-2017-11-14_85 CDER = 0.077
CTS-CN-F2F-2017-11-14_87 CDER = 0.087
CTS-CN-F2F-2017-11-14_88 CDER = 0.072
CTS-CN-F2F-2017-11-29_109 CDER = 0.109
CTS-CN-F2F-2017-12-15_412 CDER = 0.088
CTS-CN-F2F-2017-12-15_438 CDER = 0.072
CTS-CN-F2F-2017-12-15_440 CDER = 0.094
CTS-CN-F2F-2017-12-20_70 CDER = 0.145
CTS-CN-F2F-2018-04-16_545 CDER = 0.086
CTS-CN-F2F-2018-04-16_560 CDER = 0.102
CTS-CN-F2F-2018-04-16_563 CDER = 0.106
CTS-CN-F2F-2018-04-16_615 CDER = 0.091
CTS-CN-F2F-2018-04-16_699 CDER = 0.155
CTS-CN-F2F-2018-04-16_700 CDER = 0.186
CTS-CN-F2F-2018-04-16_703 CDER = 0.150
CTS-CN-F2F-2018-04-16_716 CDER = 0.102
CTS-CN-F2F-2018-04-16_723 CDER = 0.104
CTS-CN-F2F-2018-04-16_726 CDER = 0.136
CTS-CN-F2F-2018-04-16_757 CDER = 0.073
CTS-CN-F2F-2018-04-16_763 CDER = 0.090
CTS-CN-F2F-2018-04-23_507 CDER = 0.159
CTS-CN-F2F-2018-04-23_620 CDER = 0.211
CTS-CN-F2F-2018-05-08_110 CDER = 0.047
CTS-CN-F2F-2018-05-08_236 CDER = 0.084
CTS-CN-F2F-2018-05-08_469 CDER = 0.096
CTS-CN-F2F-2018-05-08_470 CDER = 0.115
CTS-CN-F2F-2018-05-08_471 CDER = 0.085
CTS-CN-F2F-2018-05-08_472 CDER = 0.095
CTS-CN-F2F-2018-05-08_712 CDER = 0.095
CTS-CN-F2F-2018-05-08_713 CDER = 0.101
CTS-CN-F2F-2018-05-08_776 CDER = 0.108
CTS-CN-F2F-2018-05-08_777 CDER = 0.102
CTS-CN-F2F-2018-05-08_779 CDER = 0.122
CTS-CN-F2F-2018-05-08_782 CDER = 0.092
CTS-CN-F2F-2018-05-08_799 CDER = 0.145
CTS-CN-F2F-2018-05-08_825 CDER = 0.117
CTS-CN-F2F-2018-05-08_909 CDER = 0.160
CTS-CN-F2F-2018-05-08_948 CDER = 0.077
CTS-CN-F2F-2018-05-08_949 CDER = 0.076
CTS-CN-F2F-2018-05-08_950 CDER = 0.163
Avg CDER : 0.109
compute CDER on 0.0 mode in cssd_testset dataset at 0.55 threshold
CTS-CN-F2F-2017-11-14_85 CDER = 0.081
CTS-CN-F2F-2017-11-14_87 CDER = 0.086
CTS-CN-F2F-2017-11-14_88 CDER = 0.072
CTS-CN-F2F-2017-11-29_109 CDER = 0.091
CTS-CN-F2F-2017-12-15_412 CDER = 0.092
CTS-CN-F2F-2017-12-15_438 CDER = 0.073
CTS-CN-F2F-2017-12-15_440 CDER = 0.087
CTS-CN-F2F-2017-12-20_70 CDER = 0.104
CTS-CN-F2F-2018-04-16_545 CDER = 0.078
CTS-CN-F2F-2018-04-16_560 CDER = 0.096
CTS-CN-F2F-2018-04-16_563 CDER = 0.106
CTS-CN-F2F-2018-04-16_615 CDER = 0.080
CTS-CN-F2F-2018-04-16_699 CDER = 0.112
CTS-CN-F2F-2018-04-16_700 CDER = 0.146
CTS-CN-F2F-2018-04-16_703 CDER = 0.123
CTS-CN-F2F-2018-04-16_716 CDER = 0.097
CTS-CN-F2F-2018-04-16_723 CDER = 0.086
CTS-CN-F2F-2018-04-16_726 CDER = 0.092
CTS-CN-F2F-2018-04-16_757 CDER = 0.073
CTS-CN-F2F-2018-04-16_763 CDER = 0.086
CTS-CN-F2F-2018-04-23_507 CDER = 0.128
CTS-CN-F2F-2018-04-23_620 CDER = 0.193
CTS-CN-F2F-2018-05-08_110 CDER = 0.053
CTS-CN-F2F-2018-05-08_236 CDER = 0.085
CTS-CN-F2F-2018-05-08_469 CDER = 0.092
CTS-CN-F2F-2018-05-08_470 CDER = 0.115
CTS-CN-F2F-2018-05-08_471 CDER = 0.085
CTS-CN-F2F-2018-05-08_472 CDER = 0.095
CTS-CN-F2F-2018-05-08_712 CDER = 0.094
CTS-CN-F2F-2018-05-08_713 CDER = 0.093
CTS-CN-F2F-2018-05-08_776 CDER = 0.104
CTS-CN-F2F-2018-05-08_777 CDER = 0.092
CTS-CN-F2F-2018-05-08_779 CDER = 0.106
CTS-CN-F2F-2018-05-08_782 CDER = 0.088
CTS-CN-F2F-2018-05-08_799 CDER = 0.154
CTS-CN-F2F-2018-05-08_825 CDER = 0.113
CTS-CN-F2F-2018-05-08_909 CDER = 0.155
CTS-CN-F2F-2018-05-08_948 CDER = 0.071
CTS-CN-F2F-2018-05-08_949 CDER = 0.076
CTS-CN-F2F-2018-05-08_950 CDER = 0.139
Avg CDER : 0.100
compute CDER on 0.0 mode in cssd_testset dataset at 0.6 threshold
CTS-CN-F2F-2017-11-14_85 CDER = 0.076
CTS-CN-F2F-2017-11-14_87 CDER = 0.082
CTS-CN-F2F-2017-11-14_88 CDER = 0.077
CTS-CN-F2F-2017-11-29_109 CDER = 0.081
CTS-CN-F2F-2017-12-15_412 CDER = 0.090
CTS-CN-F2F-2017-12-15_438 CDER = 0.075
CTS-CN-F2F-2017-12-15_440 CDER = 0.093
CTS-CN-F2F-2017-12-20_70 CDER = 0.101
CTS-CN-F2F-2018-04-16_545 CDER = 0.076
CTS-CN-F2F-2018-04-16_560 CDER = 0.092
CTS-CN-F2F-2018-04-16_563 CDER = 0.105
CTS-CN-F2F-2018-04-16_615 CDER = 0.064
CTS-CN-F2F-2018-04-16_699 CDER = 0.065
CTS-CN-F2F-2018-04-16_700 CDER = 0.141
CTS-CN-F2F-2018-04-16_703 CDER = 0.116
CTS-CN-F2F-2018-04-16_716 CDER = 0.094
CTS-CN-F2F-2018-04-16_723 CDER = 0.088
CTS-CN-F2F-2018-04-16_726 CDER = 0.080
CTS-CN-F2F-2018-04-16_757 CDER = 0.084
CTS-CN-F2F-2018-04-16_763 CDER = 0.081
CTS-CN-F2F-2018-04-23_507 CDER = 0.097
CTS-CN-F2F-2018-04-23_620 CDER = 0.173
CTS-CN-F2F-2018-05-08_110 CDER = 0.064
CTS-CN-F2F-2018-05-08_236 CDER = 0.085
CTS-CN-F2F-2018-05-08_469 CDER = 0.089
CTS-CN-F2F-2018-05-08_470 CDER = 0.112
CTS-CN-F2F-2018-05-08_471 CDER = 0.076
CTS-CN-F2F-2018-05-08_472 CDER = 0.085
CTS-CN-F2F-2018-05-08_712 CDER = 0.101
CTS-CN-F2F-2018-05-08_713 CDER = 0.099
CTS-CN-F2F-2018-05-08_776 CDER = 0.098
CTS-CN-F2F-2018-05-08_777 CDER = 0.100
CTS-CN-F2F-2018-05-08_779 CDER = 0.101
CTS-CN-F2F-2018-05-08_782 CDER = 0.086
CTS-CN-F2F-2018-05-08_799 CDER = 0.133
CTS-CN-F2F-2018-05-08_825 CDER = 0.126
CTS-CN-F2F-2018-05-08_909 CDER = 0.147
CTS-CN-F2F-2018-05-08_948 CDER = 0.067
CTS-CN-F2F-2018-05-08_949 CDER = 0.082
CTS-CN-F2F-2018-05-08_950 CDER = 0.125
Avg CDER : 0.095
compute CDER on 0.0 mode in cssd_testset dataset at 0.7 threshold
CTS-CN-F2F-2017-11-14_85 CDER = 0.065
CTS-CN-F2F-2017-11-14_87 CDER = 0.083
CTS-CN-F2F-2017-11-14_88 CDER = 0.069
CTS-CN-F2F-2017-11-29_109 CDER = 0.088
CTS-CN-F2F-2017-12-15_412 CDER = 0.080
CTS-CN-F2F-2017-12-15_438 CDER = 0.085
CTS-CN-F2F-2017-12-15_440 CDER = 0.093
CTS-CN-F2F-2017-12-20_70 CDER = 0.077
CTS-CN-F2F-2018-04-16_545 CDER = 0.061
CTS-CN-F2F-2018-04-16_560 CDER = 0.093
CTS-CN-F2F-2018-04-16_563 CDER = 0.095
CTS-CN-F2F-2018-04-16_615 CDER = 0.056
CTS-CN-F2F-2018-04-16_699 CDER = 0.030
CTS-CN-F2F-2018-04-16_700 CDER = 0.105
CTS-CN-F2F-2018-04-16_703 CDER = 0.095
CTS-CN-F2F-2018-04-16_716 CDER = 0.094
CTS-CN-F2F-2018-04-16_723 CDER = 0.079
CTS-CN-F2F-2018-04-16_726 CDER = 0.035
CTS-CN-F2F-2018-04-16_757 CDER = 0.100
CTS-CN-F2F-2018-04-16_763 CDER = 0.092
CTS-CN-F2F-2018-04-23_507 CDER = 0.064
CTS-CN-F2F-2018-04-23_620 CDER = 0.125
CTS-CN-F2F-2018-05-08_110 CDER = 0.085
CTS-CN-F2F-2018-05-08_236 CDER = 0.093
CTS-CN-F2F-2018-05-08_469 CDER = 0.084
CTS-CN-F2F-2018-05-08_470 CDER = 0.091
CTS-CN-F2F-2018-05-08_471 CDER = 0.067
CTS-CN-F2F-2018-05-08_472 CDER = 0.074
CTS-CN-F2F-2018-05-08_712 CDER = 0.105
CTS-CN-F2F-2018-05-08_713 CDER = 0.088
CTS-CN-F2F-2018-05-08_776 CDER = 0.102
CTS-CN-F2F-2018-05-08_777 CDER = 0.104
CTS-CN-F2F-2018-05-08_779 CDER = 0.099
CTS-CN-F2F-2018-05-08_782 CDER = 0.086
CTS-CN-F2F-2018-05-08_799 CDER = 0.133
CTS-CN-F2F-2018-05-08_825 CDER = 0.136
CTS-CN-F2F-2018-05-08_909 CDER = 0.140
CTS-CN-F2F-2018-05-08_948 CDER = 0.075
CTS-CN-F2F-2018-05-08_949 CDER = 0.073
CTS-CN-F2F-2018-05-08_950 CDER = 0.114
Avg CDER : 0.088
compute CDER on 0.0 mode in cssd_testset dataset at 0.8 threshold
CTS-CN-F2F-2017-11-14_85 CDER = 0.066
CTS-CN-F2F-2017-11-14_87 CDER = 0.086
CTS-CN-F2F-2017-11-14_88 CDER = 0.079
CTS-CN-F2F-2017-11-29_109 CDER = 0.088
CTS-CN-F2F-2017-12-15_412 CDER = 0.078
CTS-CN-F2F-2017-12-15_438 CDER = 0.082
CTS-CN-F2F-2017-12-15_440 CDER = 0.092
CTS-CN-F2F-2017-12-20_70 CDER = 0.071
CTS-CN-F2F-2018-04-16_545 CDER = 0.061
CTS-CN-F2F-2018-04-16_560 CDER = 0.085
CTS-CN-F2F-2018-04-16_563 CDER = 0.090
CTS-CN-F2F-2018-04-16_615 CDER = 0.045
CTS-CN-F2F-2018-04-16_699 CDER = 0.536
CTS-CN-F2F-2018-04-16_700 CDER = 0.075
CTS-CN-F2F-2018-04-16_703 CDER = 0.058
CTS-CN-F2F-2018-04-16_716 CDER = 0.078
CTS-CN-F2F-2018-04-16_723 CDER = 0.066
CTS-CN-F2F-2018-04-16_726 CDER = 0.463
CTS-CN-F2F-2018-04-16_757 CDER = 0.107
CTS-CN-F2F-2018-04-16_763 CDER = 0.085
CTS-CN-F2F-2018-04-23_507 CDER = 0.044
CTS-CN-F2F-2018-04-23_620 CDER = 0.100
CTS-CN-F2F-2018-05-08_110 CDER = 0.113
CTS-CN-F2F-2018-05-08_236 CDER = 0.099
CTS-CN-F2F-2018-05-08_469 CDER = 0.082
CTS-CN-F2F-2018-05-08_470 CDER = 0.071
CTS-CN-F2F-2018-05-08_471 CDER = 0.061
CTS-CN-F2F-2018-05-08_472 CDER = 0.064
CTS-CN-F2F-2018-05-08_712 CDER = 0.099
CTS-CN-F2F-2018-05-08_713 CDER = 0.091
CTS-CN-F2F-2018-05-08_776 CDER = 0.112
CTS-CN-F2F-2018-05-08_777 CDER = 0.100
CTS-CN-F2F-2018-05-08_779 CDER = 0.130
CTS-CN-F2F-2018-05-08_782 CDER = 0.096
CTS-CN-F2F-2018-05-08_799 CDER = 0.142
CTS-CN-F2F-2018-05-08_825 CDER = 0.108
CTS-CN-F2F-2018-05-08_909 CDER = 0.134
CTS-CN-F2F-2018-05-08_948 CDER = 0.071
CTS-CN-F2F-2018-05-08_949 CDER = 0.083
CTS-CN-F2F-2018-05-08_950 CDER = 0.110
Avg CDER : 0.107
compute CDER on 0.0 mode in cssd_testset dataset at 0.9 threshold
CTS-CN-F2F-2017-11-14_85 CDER = 0.060
CTS-CN-F2F-2017-11-14_87 CDER = 0.083
CTS-CN-F2F-2017-11-14_88 CDER = 0.072
CTS-CN-F2F-2017-11-29_109 CDER = 0.059
CTS-CN-F2F-2017-12-15_412 CDER = 0.057
CTS-CN-F2F-2017-12-15_438 CDER = 0.066
CTS-CN-F2F-2017-12-15_440 CDER = 0.086
CTS-CN-F2F-2017-12-20_70 CDER = 0.094
CTS-CN-F2F-2018-04-16_545 CDER = 0.030
CTS-CN-F2F-2018-04-16_560 CDER = 0.066
CTS-CN-F2F-2018-04-16_563 CDER = 0.082
CTS-CN-F2F-2018-04-16_615 CDER = 0.027
CTS-CN-F2F-2018-04-16_699 CDER = 1.001
CTS-CN-F2F-2018-04-16_700 CDER = 0.024
CTS-CN-F2F-2018-04-16_703 CDER = 0.472
CTS-CN-F2F-2018-04-16_716 CDER = 0.066
CTS-CN-F2F-2018-04-16_723 CDER = 0.034
CTS-CN-F2F-2018-04-16_726 CDER = 1.005
CTS-CN-F2F-2018-04-16_757 CDER = 0.115
CTS-CN-F2F-2018-04-16_763 CDER = 0.063
CTS-CN-F2F-2018-04-23_507 CDER = 0.028
CTS-CN-F2F-2018-04-23_620 CDER = 0.037
CTS-CN-F2F-2018-05-08_110 CDER = 0.139
CTS-CN-F2F-2018-05-08_236 CDER = 0.118
CTS-CN-F2F-2018-05-08_469 CDER = 0.073
CTS-CN-F2F-2018-05-08_470 CDER = 0.054
CTS-CN-F2F-2018-05-08_471 CDER = 0.040
CTS-CN-F2F-2018-05-08_472 CDER = 0.056
CTS-CN-F2F-2018-05-08_712 CDER = 0.094
CTS-CN-F2F-2018-05-08_713 CDER = 0.107
CTS-CN-F2F-2018-05-08_776 CDER = 0.118
CTS-CN-F2F-2018-05-08_777 CDER = 0.114
CTS-CN-F2F-2018-05-08_779 CDER = 0.122
CTS-CN-F2F-2018-05-08_782 CDER = 0.112
CTS-CN-F2F-2018-05-08_799 CDER = 0.117
CTS-CN-F2F-2018-05-08_825 CDER = 0.101
CTS-CN-F2F-2018-05-08_909 CDER = 0.073
CTS-CN-F2F-2018-05-08_948 CDER = 0.085
CTS-CN-F2F-2018-05-08_949 CDER = 0.094
CTS-CN-F2F-2018-05-08_950 CDER = 0.096
Avg CDER : 0.134
